#   #        #   #  ###  #   #      ###  ###    
## ##        ## ## #   # ##  #     #    #   #      Modular
# # #        # # # #   # # # #     #    #####        MC  
#   #        #   # #   # #  ##     #    #   #      Simulator
#   # odular #   #  ###  #   # te   ### #   # rlo 
Version: 2.0.16
Compiled on Jul 30 2025 14:32:21 for x86_64-Linux
for #1 SMP PREEMPT_DYNAMIC Mon Jul 28 14:03:00 EDT 2025
        Contact: imartin2@ucam.edu
        https://github.com/imartinbragado/MMonCa
OKMC: (C) 2011-2014  IMDEA Materials Institute.
OKMC: (C) 2015-2018  Ignacio Martin, Ignacio Dopico.
LKMC: (C) 2011-2014  IMDEA Materials Institute.
LKMC: (C) 2015-2018  Ignacio Martin, Ignacio Dopico
All:  (C) 2019-today Ignacio Martin. imartin2@ucam.edu
 For licensing details, write "license"
------------------------------------------------------------------- param -----
param get type='float' key='Iron/Lattice/parameter'
-------------------------------------------------------------------------------

------------------------------------------------------------------- param -----
param set type='map<string,bool>' key='Iron/Models/particles' index='CI' value='false'
-------------------------------------------------------------------------------

------------------------------------------------------------------- param -----
param set type='map<string,bool>' key='Iron/Models/particles' index='C' value='true'
-------------------------------------------------------------------------------

------------------------------------------------------------------- param -----
param set type='map<string,bool>' key='Iron/Models/particles' index='CV' value='true'
-------------------------------------------------------------------------------

------------------------------------------------------------------- param -----
param set type='map<string,bool>' key='Iron/Models/particles' index='He' value='true'
-------------------------------------------------------------------------------

------------------------------------------------------------------- param -----
param set type='map<string,bool>' key='Iron/Models/particles' index='HeV' value='true'
-------------------------------------------------------------------------------

------------------------------------------------------------------- param -----
param set type='map<string,bool>' key='Iron/Models/particles' index='CrI' value='true'
-------------------------------------------------------------------------------

------------------------------------------------------------------- param -----
param set type='map<string,bool>' key='Iron/Models/particles' index='CrV' value='true'
-------------------------------------------------------------------------------

------------------------------------------------------------------- param -----
param set type='map<string,bool>' key='Iron/Models/particles' index='Cr' value='true'
-------------------------------------------------------------------------------

------------------------------------------------------------------- param -----
param set type='map<string,bool>' key='Iron/Models/defined' index='V<100>' value='true'
-------------------------------------------------------------------------------

------------------------------------------------------------------- param -----
param set type='map<string,bool>' key='Iron/Models/defined' index='HeCluster' value='true'
-------------------------------------------------------------------------------

------------------------------------------------------------------- param -----
param set type='array<string,string>' key='Iron/Models/interactions' index='VCluster+Gas' value='true'
-------------------------------------------------------------------------------

------------------------------------------------------------------- param -----
param set type='array<string,string>' key='Iron/Models/interactions' index='ICluster+Gas' value='true'
-------------------------------------------------------------------------------

------------------------------------------------------------------- param -----
param set type='array<string,string>' key='Iron/Models/interactions' index='<100>+Gas' value='true'
-------------------------------------------------------------------------------

------------------------------------------------------------------- param -----
param set type='array<string,string>' key='Iron/Models/interactions' index='<111>+Gas' value='true'
-------------------------------------------------------------------------------

------------------------------------------------------------------- param -----
param set type='array<string,string>' key='Iron/Models/interactions' index='V<100>+Gas' value='true'
-------------------------------------------------------------------------------

------------------------------------------------------------------- param -----
param set type='array<string,string>' key='Iron/Models/interactions' index='C+Gas' value='false'
-------------------------------------------------------------------------------

------------------------------------------------------------------- param -----
param set type='array<string,string>' key='Iron/Models/interactions' index='V+V' value='VCluster,1.'
-------------------------------------------------------------------------------

------------------------------------------------------------------- param -----
param set type='array<string,string>' key='Iron/Models/interactions' index='ICluster+V<100>' value='true'
-------------------------------------------------------------------------------

------------------------------------------------------------------- param -----
param set type='array<string,string>' key='Iron/Models/interactions' index='VCluster+V<100>' value='true'
-------------------------------------------------------------------------------

------------------------------------------------------------------- param -----
param set type='array<string,string>' key='Iron/Models/interactions' index='V<100>:V*+V' value='true'
-------------------------------------------------------------------------------

------------------------------------------------------------------- param -----
param set type='array<string,string>' key='Iron/Models/interactions' index='V<100>:V*+I' value='true'
-------------------------------------------------------------------------------

------------------------------------------------------------------- param -----
param set type='array<string,string>' key='Iron/Models/interactions' index='<100>+<111>' value='true'
-------------------------------------------------------------------------------

------------------------------------------------------------------- param -----
param set type='array<string,string>' key='Iron/Models/interactions' index='<111>+<111>' value='true'
-------------------------------------------------------------------------------

------------------------------------------------------------------- param -----
param set type='array<string,string>' key='Iron/Models/interactions' index='<100>+<100>' value='true'
-------------------------------------------------------------------------------

------------------------------------------------------------------- param -----
param set type='array<string,string>' key='Iron/Models/interactions' index='C+I' value='false'
-------------------------------------------------------------------------------

------------------------------------------------------------------- param -----
param set type='array<string,string>' key='Iron/Models/interactions' index='C+V' value='true'
-------------------------------------------------------------------------------

------------------------------------------------------------------- param -----
param set type='array<string,string>' key='Iron/Models/interactions' index='CI+V' value='false'
-------------------------------------------------------------------------------

------------------------------------------------------------------- param -----
param set type='array<string,string>' key='Iron/Models/interactions' index='CV+Gas' value='true'
-------------------------------------------------------------------------------

------------------------------------------------------------------- param -----
param set type='array<string,string>' key='Iron/Models/interactions' index='CI+Gas' value='false'
-------------------------------------------------------------------------------

------------------------------------------------------------------- param -----
param set type='array<string,string>' key='Iron/Models/interactions' index='I+I' value='ICluster,1.'
-------------------------------------------------------------------------------

------------------------------------------------------------------- param -----
param set type='array<string,string>' key='Iron/Models/interactions' index='I+V' value='0,0.9471'
-------------------------------------------------------------------------------

------------------------------------------------------------------- param -----
param set type='array<string,string>' key='Iron/Models/interactions' index='V+V' value='VCluster,1.'
-------------------------------------------------------------------------------

------------------------------------------------------------------- param -----
param set type='array<string,string>' key='Iron/Models/interactions' index='CV+I' value='true'
-------------------------------------------------------------------------------

------------------------------------------------------------------- param -----
param set type='array<string,string>' key='Iron/Models/interactions' index='CV+V' value='VCluster,1.'
-------------------------------------------------------------------------------

------------------------------------------------------------------- param -----
param set type='array<string,string>' key='Iron/Models/interactions' index='CV+C' value='VCluster,1.'
-------------------------------------------------------------------------------

------------------------------------------------------------------- param -----
param set type='array<string,string>' key='Iron/Models/interactions' index='CV+CV' value='VCluster,1.'
-------------------------------------------------------------------------------

------------------------------------------------------------------- param -----
param set type='array<string,string>' key='Iron/Models/interactions' index='Cr+I' value='true'
-------------------------------------------------------------------------------

------------------------------------------------------------------- param -----
param set type='array<string,string>' key='Iron/Models/interactions' index='Cr+V' value='true'
-------------------------------------------------------------------------------

------------------------------------------------------------------- param -----
param set type='array<string,string>' key='Iron/Models/interactions' index='VCluster:V*+C' value='true'
-------------------------------------------------------------------------------

------------------------------------------------------------------- param -----
param set type='array<string,string>' key='Iron/Models/interactions' index='ICluster:I*+C' value='false'
-------------------------------------------------------------------------------

------------------------------------------------------------------- param -----
param set type='array<string,string>' key='Iron/Models/interactions' index='<100>:I*+C' value='true'
-------------------------------------------------------------------------------

------------------------------------------------------------------- param -----
param set type='array<string,string>' key='Iron/Models/interactions' index='<100>:I*+CV' value='true'
-------------------------------------------------------------------------------

------------------------------------------------------------------- param -----
param set type='array<string,string>' key='Iron/Models/interactions' index='<111>:I*+C' value='true'
-------------------------------------------------------------------------------

------------------------------------------------------------------- param -----
param set type='array<string,string>' key='Iron/Models/interactions' index='<111>:I*+CV' value='true'
-------------------------------------------------------------------------------

------------------------------------------------------------------- param -----
param set type='array<string,string>' key='Iron/Models/interactions' index='<100>:I*+V' value='true,0.9471'
-------------------------------------------------------------------------------

------------------------------------------------------------------- param -----
param set type='array<string,string>' key='Iron/Models/interactions' index='<100>:I*+I' value='true,0.9471'
-------------------------------------------------------------------------------

------------------------------------------------------------------- param -----
param set type='array<string,string>' key='Iron/Models/interactions' index='<100>+ICluster' value='true,0.9471'
-------------------------------------------------------------------------------

------------------------------------------------------------------- param -----
param set type='array<string,string>' key='Iron/Models/interactions' index='<100>+VCluster' value='true,0.9471'
-------------------------------------------------------------------------------

------------------------------------------------------------------- param -----
param set type='array<string,string>' key='Iron/Models/interactions' index='<111>:I*+V' value='true,0.9471'
-------------------------------------------------------------------------------

------------------------------------------------------------------- param -----
param set type='array<string,string>' key='Iron/Models/interactions' index='<111>:I*+I' value='true,0.9471'
-------------------------------------------------------------------------------

------------------------------------------------------------------- param -----
param set type='array<string,string>' key='Iron/Models/interactions' index='<111>+ICluster' value='true,0.9471'
-------------------------------------------------------------------------------

------------------------------------------------------------------- param -----
param set type='array<string,string>' key='Iron/Models/interactions' index='<111>+VCluster' value='true,0.9471'
-------------------------------------------------------------------------------

------------------------------------------------------------------- param -----
param set type='array<string,string>' key='Iron/Models/interactions' index='ICluster:I*+V' value='true,0.9471'
-------------------------------------------------------------------------------

------------------------------------------------------------------- param -----
param set type='array<string,string>' key='Iron/Models/interactions' index='ICluster:I*+I' value='true,0.9471'
-------------------------------------------------------------------------------

------------------------------------------------------------------- param -----
param set type='array<string,string>' key='Iron/Models/interactions' index='ICluster+ICluster' value='true,0.9471'
-------------------------------------------------------------------------------

------------------------------------------------------------------- param -----
param set type='array<string,string>' key='Iron/Models/interactions' index='ICluster+VCluster' value='true,0.9471'
-------------------------------------------------------------------------------

------------------------------------------------------------------- param -----
param set type='array<string,string>' key='Iron/Models/interactions' index='VCluster:V*+V' value='true,0.9471'
-------------------------------------------------------------------------------

------------------------------------------------------------------- param -----
param set type='array<string,string>' key='Iron/Models/interactions' index='VCluster:V*+I' value='true,0.9471'
-------------------------------------------------------------------------------

------------------------------------------------------------------- param -----
param set type='array<string,string>' key='Iron/Models/interactions' index='VCluster+VCluster' value='true,0.9471'
-------------------------------------------------------------------------------

------------------------------------------------------------------- param -----
param set type='array<string,string>' key='Iron/Models/interactions' index='<111>:C*I*+C' value='true'
-------------------------------------------------------------------------------

------------------------------------------------------------------- param -----
param set type='array<string,string>' key='Iron/Models/interactions' index='<111>:C*I*+I' value='true'
-------------------------------------------------------------------------------

------------------------------------------------------------------- param -----
param set type='array<string,string>' key='Iron/Models/interactions' index='<111>:C*I*+V' value='true'
-------------------------------------------------------------------------------

------------------------------------------------------------------- param -----
param set type='array<string,string>' key='Iron/Models/interactions' index='<111>:C*I*+CV' value='true'
-------------------------------------------------------------------------------

------------------------------------------------------------------- param -----
param set type='array<string,string>' key='Iron/Models/interactions' index='<100>:C*I*+C' value='true'
-------------------------------------------------------------------------------

------------------------------------------------------------------- param -----
param set type='array<string,string>' key='Iron/Models/interactions' index='<100>:C*I*+I' value='true'
-------------------------------------------------------------------------------

------------------------------------------------------------------- param -----
param set type='array<string,string>' key='Iron/Models/interactions' index='<100>:C*I*+V' value='true'
-------------------------------------------------------------------------------

------------------------------------------------------------------- param -----
param set type='array<string,string>' key='Iron/Models/interactions' index='<100>:C*I*+CV' value='true'
-------------------------------------------------------------------------------

------------------------------------------------------------------- param -----
param set type='array<string,string>' key='Iron/Models/interactions' index='VCluster:C2V+C' value='true'
-------------------------------------------------------------------------------

------------------------------------------------------------------- param -----
param set type='array<string,string>' key='Iron/Models/interactions' index='VCluster:C2V+I' value='false'
-------------------------------------------------------------------------------

------------------------------------------------------------------- param -----
param set type='array<string,string>' key='Iron/Models/interactions' index='VCluster:C2V+V' value='true'
-------------------------------------------------------------------------------

------------------------------------------------------------------- param -----
param set type='array<string,string>' key='Iron/Models/interactions' index='VCluster:C2V+CV' value='true'
-------------------------------------------------------------------------------

------------------------------------------------------------------- param -----
param set type='array<string,string>' key='Iron/Models/interactions' index='VCluster:C3V+C' value='false'
-------------------------------------------------------------------------------

------------------------------------------------------------------- param -----
param set type='array<string,string>' key='Iron/Models/interactions' index='VCluster:C3V+I' value='false'
-------------------------------------------------------------------------------

------------------------------------------------------------------- param -----
param set type='array<string,string>' key='Iron/Models/interactions' index='VCluster:C3V+V' value='true'
-------------------------------------------------------------------------------

------------------------------------------------------------------- param -----
param set type='array<string,string>' key='Iron/Models/interactions' index='VCluster:C3V+CV' value='true'
-------------------------------------------------------------------------------

------------------------------------------------------------------- param -----
param set type='array<string>' key='Iron/Models/interaction.result' value=' 
	 (...)'
-------------------------------------------------------------------------------

------------------------------------------------------------------- param -----
param set type='arrhenius' key='Iron/Chromium/Cr(migration)' value='0 5'
-------------------------------------------------------------------------------

------------------------------------------------------------------- param -----
param set type='arrhenius' key='Iron/Chromium/Cr(formation)' value='1 0'
-------------------------------------------------------------------------------

------------------------------------------------------------------- param -----
param set type='arrhenius' key='Iron/Chromium/CrI(migration)' value='0.80e-4 0.217'
-------------------------------------------------------------------------------

------------------------------------------------------------------- param -----
param set type='arrhenius' key='Iron/Chromium/CrI(formation)' value='0% 10 3.70 100% 10 5.58'
-------------------------------------------------------------------------------

------------------------------------------------------------------- param -----
param set type='arrhenius' key='Iron/Chromium/CrV(migration)' value='0.80e-3 0.65'
-------------------------------------------------------------------------------

------------------------------------------------------------------- param -----
param set type='arrhenius' key='Iron/Chromium/CrV(formation)' value='0% 20 2.12 100% 20 2.55'
-------------------------------------------------------------------------------

------------------------------------------------------------------- param -----
param set type='arrhenius' key='Iron/Carbon/C(migration)' value='1.44e-3 0.91'
-------------------------------------------------------------------------------

------------------------------------------------------------------- param -----
param set type='arrhenius' key='Iron/Carbon/C(formation)' value='1 0'
-------------------------------------------------------------------------------

------------------------------------------------------------------- param -----
param set type='arrhenius' key='Iron/Carbon/CV(migration)' value='0 5'
-------------------------------------------------------------------------------

------------------------------------------------------------------- param -----
param set type='arrhenius' key='Iron/Carbon/CV(formation)' value='1e-3 1.4'
-------------------------------------------------------------------------------

------------------------------------------------------------------- param -----
param set type='map<string,float>' key='Gas_Iron/Carbon/desorption.high' value=' C 0 '
-------------------------------------------------------------------------------

------------------------------------------------------------------- param -----
param set type='map<string,float>' key='Gas_Iron/Carbon/barrier.right' value=' C 0 '
-------------------------------------------------------------------------------

------------------------------------------------------------------- param -----
param set type='arrhenius' key='Iron/Iron/(migration)' value='0 5'
-------------------------------------------------------------------------------

------------------------------------------------------------------- param -----
param set type='arrhenius' key='Iron/Iron/(formation)' value='1 10'
-------------------------------------------------------------------------------

------------------------------------------------------------------- param -----
param set type='arrhenius' key='Iron/Iron/I(migration)' value='0% 1.107e-2 0.30 100% 1.107e-2 0.23'
-------------------------------------------------------------------------------

------------------------------------------------------------------- param -----
param set type='arrhenius' key='Iron/Iron/I(formation)' value='0% 1.0e25 3.64 100% 1.0e25 5.66'
-------------------------------------------------------------------------------

------------------------------------------------------------------- param -----
param set type='float' key='Iron/Iron/correlation.factor' value='1'
-------------------------------------------------------------------------------

------------------------------------------------------------------- param -----
param set type='arrhenius' key='Iron/Iron/alpha' value='5 0.1'
-------------------------------------------------------------------------------

------------------------------------------------------------------- param -----
param set type='arrhenius' key='Iron/Vacancy/V(migration)' value='0% 1.373e-3 0.60 100% 1.373e-3 0.55'
-------------------------------------------------------------------------------

------------------------------------------------------------------- param -----
param set type='arrhenius' key='Iron/Vacancy/V(formation)' value='0% 5.10e24 2.00 100% 5.1e24 2.61'
-------------------------------------------------------------------------------

------------------------------------------------------------------- param -----
param set type='float' key='Iron/Vacancy/correlation.factor' value='0.727'
-------------------------------------------------------------------------------

------------------------------------------------------------------- param -----
param set type='arrhenius' key='Iron/Vacancy/alpha' value='5 0.1'
-------------------------------------------------------------------------------

------------------------------------------------------------------- param -----
param set type='string' key='Iron/ICluster/shape' value='irregular'
-------------------------------------------------------------------------------

------------------------------------------------------------------- param -----
param set type='float' key='Iron/ICluster/density.cm3' value='8.46e22'
-------------------------------------------------------------------------------

------------------------------------------------------------------- param -----
param set type='string' key='Iron/ICluster/migration.type' value='3d'
-------------------------------------------------------------------------------

------------------------------------------------------------------- param -----
param set type='coordinates' key='Iron/ICluster/axis.1' value=' 0 1 0 '
-------------------------------------------------------------------------------

------------------------------------------------------------------- param -----
param set type='coordinates' key='Iron/ICluster/axis.0' value=' 0 0 1 '
-------------------------------------------------------------------------------

------------------------------------------------------------------- param -----
param set type='coordinates' key='Iron/ICluster/not.in.plane' value=' 0 0 0 '
-------------------------------------------------------------------------------

------------------------------------------------------------------- param -----
param set type='float' key='Iron/ICluster/axes.ratio' value='1'
-------------------------------------------------------------------------------

------------------------------------------------------------------- param -----
param set type='bool' key='Iron/ICluster/IV.model' value='false'
-------------------------------------------------------------------------------

------------------------------------------------------------------- param -----
param set type='bool' key='Iron/ICluster/percolation' value='true'
-------------------------------------------------------------------------------

------------------------------------------------------------------- param -----
param set type='float' key='Iron/ICluster/lambda' value='0.287'
-------------------------------------------------------------------------------

------------------------------------------------------------------- param -----
param set type='string' key='Iron/ICluster/to' value='<100>'
-------------------------------------------------------------------------------

------------------------------------------------------------------- param -----
param set type='string' key='Iron/ICluster/from' value='<111>'
-------------------------------------------------------------------------------

------------------------------------------------------------------- param -----
param set type='proc' key='Iron/ICluster/migration' value='  s (...)'
-------------------------------------------------------------------------------

------------------------------------------------------------------- param -----
param set type='proc' key='Iron/ICluster/transform.to' value='    (...)'
-------------------------------------------------------------------------------

------------------------------------------------------------------- param -----
param set type='proc' key='Iron/ICluster/transform.from' value='  s (...)'
-------------------------------------------------------------------------------

------------------------------------------------------------------- param -----
param set type='proc' key='Iron/ICluster/formation' value='  s (...)'
-------------------------------------------------------------------------------

------------------------------------------------------------------- param -----
param set type='proc' key='Iron/ICluster/prefactor' value='  s (...)'
-------------------------------------------------------------------------------

------------------------------------------------------------------- param -----
param set type='string' key='Iron/<111>/shape' value='disk'
-------------------------------------------------------------------------------

------------------------------------------------------------------- param -----
param set type='float' key='Iron/<111>/density.cm2' value='1.95e15'
-------------------------------------------------------------------------------

------------------------------------------------------------------- param -----
param set type='string' key='Iron/<111>/migration.type' value='perpendicular'
-------------------------------------------------------------------------------

------------------------------------------------------------------- param -----
param set type='coordinates' key='Iron/<111>/axis.1' value=' 0 -1 1 '
-------------------------------------------------------------------------------

------------------------------------------------------------------- param -----
param set type='coordinates' key='Iron/<111>/axis.0' value=' 2 -1 -1 '
-------------------------------------------------------------------------------

------------------------------------------------------------------- param -----
param set type='coordinates' key='Iron/<111>/not.in.plane' value=' 0 0 0 '
-------------------------------------------------------------------------------

------------------------------------------------------------------- param -----
param set type='float' key='Iron/<111>/axes.ratio' value='1'
-------------------------------------------------------------------------------

------------------------------------------------------------------- param -----
param set type='bool' key='Iron/<111>/IV.model' value='false'
-------------------------------------------------------------------------------

------------------------------------------------------------------- param -----
param set type='bool' key='Iron/<111>/percolation' value='true'
-------------------------------------------------------------------------------

------------------------------------------------------------------- param -----
param set type='float' key='Iron/<111>/lambda' value='0.287'
-------------------------------------------------------------------------------

------------------------------------------------------------------- param -----
param set type='string' key='Iron/<111>/to' value='<111>'
-------------------------------------------------------------------------------

------------------------------------------------------------------- param -----
param set type='string' key='Iron/<111>/from' value='ICluster'
-------------------------------------------------------------------------------

------------------------------------------------------------------- param -----
param set type='proc' key='Iron/<111>/migration' value='  s (...)'
-------------------------------------------------------------------------------

------------------------------------------------------------------- param -----
param set type='proc' key='Iron/<111>/formation' value='  s (...)'
-------------------------------------------------------------------------------

------------------------------------------------------------------- param -----
param set type='proc' key='Iron/<111>/prefactor' value='    (...)'
-------------------------------------------------------------------------------

------------------------------------------------------------------- param -----
param set type='string' key='Iron/<100>/shape' value='disk'
-------------------------------------------------------------------------------

------------------------------------------------------------------- param -----
param set type='float' key='Iron/<100>/density.cm2' value='1.92e15'
-------------------------------------------------------------------------------

------------------------------------------------------------------- param -----
param set type='string' key='Iron/<100>/migration.type' value='perpendicular'
-------------------------------------------------------------------------------

------------------------------------------------------------------- param -----
param set type='coordinates' key='Iron/<100>/axis.1' value=' 0 1 0 '
-------------------------------------------------------------------------------

------------------------------------------------------------------- param -----
param set type='coordinates' key='Iron/<100>/axis.0' value=' 0 0 1 '
-------------------------------------------------------------------------------

------------------------------------------------------------------- param -----
param set type='coordinates' key='Iron/<100>/not.in.plane' value=' 0 0 0 '
-------------------------------------------------------------------------------

------------------------------------------------------------------- param -----
param set type='float' key='Iron/<100>/axes.ratio' value='1'
-------------------------------------------------------------------------------

------------------------------------------------------------------- param -----
param set type='bool' key='Iron/<100>/IV.model' value='false'
-------------------------------------------------------------------------------

------------------------------------------------------------------- param -----
param set type='bool' key='Iron/<100>/percolation' value='true'
-------------------------------------------------------------------------------

------------------------------------------------------------------- param -----
param set type='float' key='Iron/<100>/lambda' value='0.287'
-------------------------------------------------------------------------------

------------------------------------------------------------------- param -----
param set type='string' key='Iron/<100>/from' value='ICluster'
-------------------------------------------------------------------------------

------------------------------------------------------------------- param -----
param set type='proc' key='Iron/<100>/migration' value='    (...)'
-------------------------------------------------------------------------------

------------------------------------------------------------------- param -----
param set type='proc' key='Iron/<100>/transform.from' value='    (...)'
-------------------------------------------------------------------------------

------------------------------------------------------------------- param -----
param set type='proc' key='Iron/<100>/formation' value='    (...)'
-------------------------------------------------------------------------------

------------------------------------------------------------------- param -----
param set type='proc' key='Iron/<100>/prefactor' value='    (...)'
-------------------------------------------------------------------------------

------------------------------------------------------------------- param -----
param set type='string' key='Iron/VCluster/shape' value='void'
-------------------------------------------------------------------------------

------------------------------------------------------------------- param -----
param set type='float' key='Iron/VCluster/density.cm3' value='8.46e22'
-------------------------------------------------------------------------------

------------------------------------------------------------------- param -----
param set type='string' key='Iron/VCluster/migration.type' value='3d'
-------------------------------------------------------------------------------

------------------------------------------------------------------- param -----
param set type='coordinates' key='Iron/VCluster/axis.1' value=' 0 1 0 '
-------------------------------------------------------------------------------

------------------------------------------------------------------- param -----
param set type='coordinates' key='Iron/VCluster/axis.0' value=' 0 0 1 '
-------------------------------------------------------------------------------

------------------------------------------------------------------- param -----
param set type='coordinates' key='Iron/VCluster/not.in.plane' value=' 0 0 0 '
-------------------------------------------------------------------------------

------------------------------------------------------------------- param -----
param set type='float' key='Iron/VCluster/axes.ratio' value='1'
-------------------------------------------------------------------------------

------------------------------------------------------------------- param -----
param set type='bool' key='Iron/VCluster/IV.model' value='false'
-------------------------------------------------------------------------------

------------------------------------------------------------------- param -----
param set type='bool' key='Iron/VCluster/percolation' value='true'
-------------------------------------------------------------------------------

------------------------------------------------------------------- param -----
param set type='float' key='Iron/VCluster/lambda' value='0.287'
-------------------------------------------------------------------------------

------------------------------------------------------------------- param -----
param set type='proc' key='Iron/VCluster/formation' value='    (...)'
-------------------------------------------------------------------------------

------------------------------------------------------------------- param -----
param set type='proc' key='Iron/VCluster/prefactor' value='    (...)'
-------------------------------------------------------------------------------

------------------------------------------------------------------- param -----
param set type='proc' key='Iron/VCluster/migration' value=' 
	 (...)'
-------------------------------------------------------------------------------

------------------------------------------------------------------- param -----
param set type='string' key='Iron/V<100>/shape' value='disk'
-------------------------------------------------------------------------------

------------------------------------------------------------------- param -----
param set type='float' key='Iron/V<100>/density.cm2' value='0.83e15'
-------------------------------------------------------------------------------

------------------------------------------------------------------- param -----
param set type='string' key='Iron/V<100>/migration.type' value='perpendicular'
-------------------------------------------------------------------------------

------------------------------------------------------------------- param -----
param set type='coordinates' key='Iron/V<100>/axis.1' value=' 0 1 0 '
-------------------------------------------------------------------------------

------------------------------------------------------------------- param -----
param set type='coordinates' key='Iron/V<100>/axis.0' value=' 0 0 1 '
-------------------------------------------------------------------------------

------------------------------------------------------------------- param -----
param set type='coordinates' key='Iron/V<100>/not.in.plane' value=' 1 0 0 '
-------------------------------------------------------------------------------

------------------------------------------------------------------- param -----
param set type='float' key='Iron/V<100>/axes.ratio' value='1'
-------------------------------------------------------------------------------

------------------------------------------------------------------- param -----
param set type='bool' key='Iron/V<100>/IV.model' value='false'
-------------------------------------------------------------------------------

------------------------------------------------------------------- param -----
param set type='bool' key='Iron/V<100>/percolation' value='true'
-------------------------------------------------------------------------------

------------------------------------------------------------------- param -----
param set type='float' key='Iron/V<100>/lambda' value='0.287'
-------------------------------------------------------------------------------

------------------------------------------------------------------- param -----
param set type='string' key='Iron/V<100>/to' value='VCluster'
-------------------------------------------------------------------------------

------------------------------------------------------------------- param -----
param set type='string' key='Iron/V<100>/from' value='V<100>'
-------------------------------------------------------------------------------

------------------------------------------------------------------- param -----
param set type='proc' key='Iron/V<100>/migration' value=' 
  (...)'
-------------------------------------------------------------------------------

------------------------------------------------------------------- param -----
param set type='proc' key='Iron/V<100>/formation' value=' 
	 (...)'
-------------------------------------------------------------------------------

------------------------------------------------------------------- param -----
param set type='proc' key='Iron/V<100>/prefactor' value=' 
	 (...)'
-------------------------------------------------------------------------------

------------------------------------------------------------------- param -----
param set type='bool' key='MC/Mesh/speed.up' value='false'
-------------------------------------------------------------------------------

------------------------------------------------------------------- param -----
param set type='bool' key='Iron/Models/self.diffusion' value='true'
-------------------------------------------------------------------------------

------------------------------------------------------------------- param -----
param set type='float' key='Iron/Models/smoothing.factor' value='1'
-------------------------------------------------------------------------------

------------------------------------------------------------------- param -----
param set type='float' key='Iron/Models/alloy.second.neighbor.contribution' value='0.5'
-------------------------------------------------------------------------------

------------------------------------------------------------------- param -----
param get type='float' key='MC/Mesh/spacing.x'
-------------------------------------------------------------------------------

------------------------------------------------------------------- param -----
param get type='float' key='MC/Mesh/spacing.y'
-------------------------------------------------------------------------------

------------------------------------------------------------------- param -----
param get type='float' key='MC/Mesh/spacing.z'
-------------------------------------------------------------------------------

------------------------------------------------------------------- param -----
param get type='float' key='Iron/Models/atomic.density'
-------------------------------------------------------------------------------

------------------------------------------------------------------- param -----
param set type='float' key='Iron/Models/lambda' value='0.287'
-------------------------------------------------------------------------------

------------------------------------------------------------------- param -----
param set type='map<string,string>' key='MC/General/materials' value='Iron Fe Gas Gas'
-------------------------------------------------------------------------------

-------------------------------------------------------------------- init -----
init minx='0' miny='0' minz='0' maxx='11.479999999999999' maxy='11.479999999999999' maxz='11.479999999999999' material='material'
-------------------------------------------------------------------------------

Melt radius for Gas not found. Set to zero instead.
Reading defects: Gas() Iron(<100> <111> HeCluster ICluster V<100> VCluster ) 
     X: (0 - 11.48) nm. 8 elements. Delta = 1.435 nm.
     Y: (0 - 11.48) nm. 8 elements. Delta = 1.435 nm.
     Z: (0 - 11.48) nm. 8 elements. Delta = 1.435 nm.
Total 512 elements
Loading Particle To Node handler
Building nodes... Done
0 -> Gas
1 -> Iron
11111111 -           0:1.435
11111111 -           10.045:11.48
Starting clusters:  Gas() Iron(<100> <111> HeCluster ICluster V<100> VCluster )
Interfacing...
Checking SPER... 0/0 atoms. Done.
-------------------------------------------------------------------- save -----
save lammps='accumulation' scale='10'
-------------------------------------------------------------------------------

Writing 0 atoms in accumulation.dump done!.
----------------------------------------------------------------- cascade -----
cascade file='defects.xyz' format='B:C:D:E' periodic fluence='75878060920977580.0' flux='15175612184195516.0' temp='-266.15' voluminic
-------------------------------------------------------------------------------

Trying 100000 cascades for domain 0
10000 cascades detected. Format detected is '# New cascade' tag.
---------------------------- Warning -----------------------------------
Empty cascades are present.
----------------------------------------------------------------- extract -----
extract time
-------------------------------------------------------------------------------

-------------------------------------------------------------------- save -----
save lammps='accumulation' scale='10' append
-------------------------------------------------------------------------------

Writing 0 atoms in accumulation.dump done!.
-266C 9.07e-05s           1   0.00%    1.1e+04 s^-1       0 ev/s 729 Mb
----------------------------------------------------------------- extract -----
extract time
-------------------------------------------------------------------------------

-------------------------------------------------------------------- save -----
save lammps='accumulation' scale='10' append
-------------------------------------------------------------------------------

Writing 0 atoms in accumulation.dump done!.
-266C 0.000154s           2   0.00%    1.6e+04 s^-1 729 Mb
----------------------------------------------------------------- extract -----
extract time
-------------------------------------------------------------------------------

-------------------------------------------------------------------- save -----
save lammps='accumulation' scale='10' append
-------------------------------------------------------------------------------

Writing 4 atoms in accumulation.dump done!.
-266C  0.00023s           4   0.00%    2.6e+04 s^-1 729 Mb
----------------------------------------------------------------- extract -----
extract time
-------------------------------------------------------------------------------

-------------------------------------------------------------------- save -----
save lammps='accumulation' scale='10' append
-------------------------------------------------------------------------------

Writing 14 atoms in accumulation.dump done!.
-266C 0.000314s           8   0.01%    4.8e+04 s^-1 729 Mb
----------------------------------------------------------------- extract -----
extract time
-------------------------------------------------------------------------------

-------------------------------------------------------------------- save -----
save lammps='accumulation' scale='10' append
-------------------------------------------------------------------------------

Writing 18 atoms in accumulation.dump done!.
-266C 0.000406s          11   0.01%    3.3e+04 s^-1 729 Mb
----------------------------------------------------------------- extract -----
extract time
-------------------------------------------------------------------------------

-------------------------------------------------------------------- save -----
save lammps='accumulation' scale='10' append
-------------------------------------------------------------------------------

Writing 22 atoms in accumulation.dump done!.
-266C 0.000539s          14   0.01%    2.3e+04 s^-1 729 Mb
----------------------------------------------------------------- extract -----
extract time
-------------------------------------------------------------------------------

-------------------------------------------------------------------- save -----
save lammps='accumulation' scale='10' append
-------------------------------------------------------------------------------

Writing 22 atoms in accumulation.dump done!.
-266C 0.000653s          16   0.01%    1.7e+04 s^-1 729 Mb
----------------------------------------------------------------- extract -----
extract time
-------------------------------------------------------------------------------

-------------------------------------------------------------------- save -----
save lammps='accumulation' scale='10' append
-------------------------------------------------------------------------------

Writing 30 atoms in accumulation.dump done!.
-266C 0.000828s          17   0.02%    5.7e+03 s^-1 729 Mb
----------------------------------------------------------------- extract -----
extract time
-------------------------------------------------------------------------------

-------------------------------------------------------------------- save -----
save lammps='accumulation' scale='10' append
-------------------------------------------------------------------------------

Writing 48 atoms in accumulation.dump done!.
-266C 0.000908s          20   0.02%    3.7e+04 s^-1 729 Mb
----------------------------------------------------------------- extract -----
extract time
-------------------------------------------------------------------------------

-------------------------------------------------------------------- save -----
save lammps='accumulation' scale='10' append
-------------------------------------------------------------------------------

Writing 50 atoms in accumulation.dump done!.
-266C  0.00105s          22   0.02%    1.4e+04 s^-1 729 Mb
----------------------------------------------------------------- extract -----
extract time
-------------------------------------------------------------------------------

-------------------------------------------------------------------- save -----
save lammps='accumulation' scale='10' append
-------------------------------------------------------------------------------

Writing 52 atoms in accumulation.dump done!.
-266C  0.00116s          23   0.02%    9.3e+03 s^-1 729 Mb
----------------------------------------------------------------- extract -----
extract time
-------------------------------------------------------------------------------

-------------------------------------------------------------------- save -----
save lammps='accumulation' scale='10' append
-------------------------------------------------------------------------------

Writing 104 atoms in accumulation.dump done!.
-266C  0.00214s          38   0.04%    1.5e+04 s^-1 729 Mb
----------------------------------------------------------------- extract -----
extract time
-------------------------------------------------------------------------------

-------------------------------------------------------------------- save -----
save lammps='accumulation' scale='10' append
-------------------------------------------------------------------------------

Writing 140 atoms in accumulation.dump done!.
-266C  0.00301s          58   0.06%    2.3e+04 s^-1 729 Mb
----------------------------------------------------------------- extract -----
extract time
-------------------------------------------------------------------------------

-------------------------------------------------------------------- save -----
save lammps='accumulation' scale='10' append
-------------------------------------------------------------------------------

Writing 170 atoms in accumulation.dump done!.
-266C   0.0041s          77   0.08%    1.7e+04 s^-1 729 Mb
----------------------------------------------------------------- extract -----
extract time
-------------------------------------------------------------------------------

-------------------------------------------------------------------- save -----
save lammps='accumulation' scale='10' append
-------------------------------------------------------------------------------

Writing 212 atoms in accumulation.dump done!.
-266C  0.00516s         102   0.10%    2.3e+04 s^-1 729 Mb
----------------------------------------------------------------- extract -----
extract time
-------------------------------------------------------------------------------

-------------------------------------------------------------------- save -----
save lammps='accumulation' scale='10' append
-------------------------------------------------------------------------------

Writing 308 atoms in accumulation.dump done!.
-266C  0.00601s         131   0.12%    3.4e+04 s^-1 729 Mb
----------------------------------------------------------------- extract -----
extract time
-------------------------------------------------------------------------------

-------------------------------------------------------------------- save -----
save lammps='accumulation' scale='10' append
-------------------------------------------------------------------------------

Writing 338 atoms in accumulation.dump done!.
-266C   0.0071s         156   0.14%    2.3e+04 s^-1 729 Mb
----------------------------------------------------------------- extract -----
extract time
-------------------------------------------------------------------------------

-------------------------------------------------------------------- save -----
save lammps='accumulation' scale='10' append
-------------------------------------------------------------------------------

Writing 342 atoms in accumulation.dump done!.
-266C    0.008s         168   0.16%    1.3e+04 s^-1 729 Mb
----------------------------------------------------------------- extract -----
extract time
-------------------------------------------------------------------------------

-------------------------------------------------------------------- save -----
save lammps='accumulation' scale='10' append
-------------------------------------------------------------------------------

Writing 372 atoms in accumulation.dump done!.
-266C  0.00912s         188   0.18%    1.8e+04 s^-1 729 Mb
----------------------------------------------------------------- extract -----
extract time
-------------------------------------------------------------------------------

-------------------------------------------------------------------- save -----
save lammps='accumulation' scale='10' append
-------------------------------------------------------------------------------

Writing 392 atoms in accumulation.dump done!.
-266C     0.01s         209   0.20%    2.4e+04 s^-1 729 Mb
----------------------------------------------------------------- extract -----
extract time
-------------------------------------------------------------------------------

-------------------------------------------------------------------- save -----
save lammps='accumulation' scale='10' append
-------------------------------------------------------------------------------

Writing 418 atoms in accumulation.dump done!.
-266C    0.011s         235   0.22%    2.6e+04 s^-1 729 Mb
----------------------------------------------------------------- extract -----
extract time
-------------------------------------------------------------------------------

-------------------------------------------------------------------- save -----
save lammps='accumulation' scale='10' append
-------------------------------------------------------------------------------

Writing 676 atoms in accumulation.dump done!.
-266C   0.0202s         440   0.40%    2.2e+04 s^-1     205 ev/s 729 Mb
----------------------------------------------------------------- extract -----
extract time
-------------------------------------------------------------------------------

-------------------------------------------------------------------- save -----
save lammps='accumulation' scale='10' append
-------------------------------------------------------------------------------

Writing 758 atoms in accumulation.dump done!.
-266C   0.0301s         643   0.60%    2.1e+04 s^-1 729 Mb
----------------------------------------------------------------- extract -----
extract time
-------------------------------------------------------------------------------

-------------------------------------------------------------------- save -----
save lammps='accumulation' scale='10' append
-------------------------------------------------------------------------------

Writing 874 atoms in accumulation.dump done!.
-266C   0.0401s         856   0.80%    2.1e+04 s^-1 729 Mb
----------------------------------------------------------------- extract -----
extract time
-------------------------------------------------------------------------------

-------------------------------------------------------------------- save -----
save lammps='accumulation' scale='10' append
-------------------------------------------------------------------------------

Writing 980 atoms in accumulation.dump done!.
-266C     0.05s        1086   1.00%    2.3e+04 s^-1 729 Mb
----------------------------------------------------------------- extract -----
extract time
-------------------------------------------------------------------------------

-------------------------------------------------------------------- save -----
save lammps='accumulation' scale='10' append
-------------------------------------------------------------------------------

Writing 1136 atoms in accumulation.dump done!.
-266C     0.06s        1322   1.20%    2.4e+04 s^-1 729 Mb
----------------------------------------------------------------- extract -----
extract time
-------------------------------------------------------------------------------

-------------------------------------------------------------------- save -----
save lammps='accumulation' scale='10' append
-------------------------------------------------------------------------------

Writing 1312 atoms in accumulation.dump done!.
-266C   0.0701s        1525   1.40%    2.0e+04 s^-1     203 ev/s 729 Mb
----------------------------------------------------------------- extract -----
extract time
-------------------------------------------------------------------------------

-------------------------------------------------------------------- save -----
save lammps='accumulation' scale='10' append
-------------------------------------------------------------------------------

Writing 1294 atoms in accumulation.dump done!.
-266C     0.08s        1761   1.60%    2.4e+04 s^-1 729 Mb
----------------------------------------------------------------- extract -----
extract time
-------------------------------------------------------------------------------

-------------------------------------------------------------------- save -----
save lammps='accumulation' scale='10' append
-------------------------------------------------------------------------------

Writing 1516 atoms in accumulation.dump done!.
-266C     0.09s        1976   1.80%    2.2e+04 s^-1 729 Mb
----------------------------------------------------------------- extract -----
extract time
-------------------------------------------------------------------------------

-------------------------------------------------------------------- save -----
save lammps='accumulation' scale='10' append
-------------------------------------------------------------------------------

Writing 1664 atoms in accumulation.dump done!.
-266C      0.1s        2199   2.00%    2.2e+04 s^-1 729 Mb
----------------------------------------------------------------- extract -----
extract time
-------------------------------------------------------------------------------

-------------------------------------------------------------------- save -----
save lammps='accumulation' scale='10' append
-------------------------------------------------------------------------------

Writing 1690 atoms in accumulation.dump done!.
-266C     0.11s        2412   2.20%    2.1e+04 s^-1     213 ev/s 729 Mb
----------------------------------------------------------------- extract -----
extract time
-------------------------------------------------------------------------------

-------------------------------------------------------------------- save -----
save lammps='accumulation' scale='10' append
-------------------------------------------------------------------------------

Writing 2660 atoms in accumulation.dump done!.
-266C        1s       20943  20.00%    2.1e+04 s^-1    9265 ev/s 729 Mb
----------------------------------------------------------------- extract -----
extract time
-------------------------------------------------------------------------------

-------------------------------------------------------------------- save -----
save lammps='accumulation' scale='10' append
-------------------------------------------------------------------------------

Writing 2746 atoms in accumulation.dump done!.
-266C        2s       41965  40.00%    2.1e+04 s^-1    7007 ev/s 729 Mb
----------------------------------------------------------------- extract -----
extract time
-------------------------------------------------------------------------------

-------------------------------------------------------------------- save -----
save lammps='accumulation' scale='10' append
-------------------------------------------------------------------------------

Writing 3278 atoms in accumulation.dump done!.
-266C        3s       62648  60.00%    2.1e+04 s^-1    6894 ev/s 729 Mb
----------------------------------------------------------------- extract -----
extract time
-------------------------------------------------------------------------------

-------------------------------------------------------------------- save -----
save lammps='accumulation' scale='10' append
-------------------------------------------------------------------------------

Writing 2396 atoms in accumulation.dump done!.
-266C        4s       83332  80.00%    2.1e+04 s^-1    6894 ev/s 729 Mb
Created Iron,I(283930) Iron,V(283930) 
----------------------------------------------------------------- extract -----
extract time
-------------------------------------------------------------------------------

-------------------------------------------------------------------- save -----
save lammps='accumulation' scale='10' append
-------------------------------------------------------------------------------

Writing 2836 atoms in accumulation.dump done!.
Time spent: 35s. Annealing: 16s.
     36396 times: Empty cascades are present.
There are 16 total sentences. Collect them all!
Lo ms importante en la vida es...
                               ... Vaya! Se me olvid!
