#   #        #   #  ###  #   #      ###  ###    
## ##        ## ## #   # ##  #     #    #   #      Modular
# # #        # # # #   # # # #     #    #####        MC  
#   #        #   # #   # #  ##     #    #   #      Simulator
#   # odular #   #  ###  #   # te   ### #   # rlo 
Version: 2.0.16
Compiled on Jul 30 2025 14:32:21 for x86_64-Linux
for #1 SMP PREEMPT_DYNAMIC Mon Jul 28 14:03:00 EDT 2025
        Contact: imartin2@ucam.edu
        https://github.com/imartinbragado/MMonCa
OKMC: (C) 2011-2014  IMDEA Materials Institute.
OKMC: (C) 2015-2018  Ignacio Martin, Ignacio Dopico.
LKMC: (C) 2011-2014  IMDEA Materials Institute.
LKMC: (C) 2015-2018  Ignacio Martin, Ignacio Dopico
All:  (C) 2019-today Ignacio Martin. imartin2@ucam.edu
 For licensing details, write "license"
------------------------------------------------------------------- param -----
param get type='float' key='Iron/Lattice/parameter'
-------------------------------------------------------------------------------

------------------------------------------------------------------- param -----
param set type='map<string,bool>' key='Iron/Models/particles' index='CI' value='false'
-------------------------------------------------------------------------------

------------------------------------------------------------------- param -----
param set type='map<string,bool>' key='Iron/Models/particles' index='C' value='true'
-------------------------------------------------------------------------------

------------------------------------------------------------------- param -----
param set type='map<string,bool>' key='Iron/Models/particles' index='CV' value='true'
-------------------------------------------------------------------------------

------------------------------------------------------------------- param -----
param set type='map<string,bool>' key='Iron/Models/particles' index='He' value='true'
-------------------------------------------------------------------------------

------------------------------------------------------------------- param -----
param set type='map<string,bool>' key='Iron/Models/particles' index='HeV' value='true'
-------------------------------------------------------------------------------

------------------------------------------------------------------- param -----
param set type='map<string,bool>' key='Iron/Models/particles' index='CrI' value='true'
-------------------------------------------------------------------------------

------------------------------------------------------------------- param -----
param set type='map<string,bool>' key='Iron/Models/particles' index='CrV' value='true'
-------------------------------------------------------------------------------

------------------------------------------------------------------- param -----
param set type='map<string,bool>' key='Iron/Models/particles' index='Cr' value='true'
-------------------------------------------------------------------------------

------------------------------------------------------------------- param -----
param set type='map<string,bool>' key='Iron/Models/defined' index='V<100>' value='true'
-------------------------------------------------------------------------------

------------------------------------------------------------------- param -----
param set type='map<string,bool>' key='Iron/Models/defined' index='HeCluster' value='true'
-------------------------------------------------------------------------------

------------------------------------------------------------------- param -----
param set type='array<string,string>' key='Iron/Models/interactions' index='VCluster+Gas' value='true'
-------------------------------------------------------------------------------

------------------------------------------------------------------- param -----
param set type='array<string,string>' key='Iron/Models/interactions' index='ICluster+Gas' value='true'
-------------------------------------------------------------------------------

------------------------------------------------------------------- param -----
param set type='array<string,string>' key='Iron/Models/interactions' index='<100>+Gas' value='true'
-------------------------------------------------------------------------------

------------------------------------------------------------------- param -----
param set type='array<string,string>' key='Iron/Models/interactions' index='<111>+Gas' value='true'
-------------------------------------------------------------------------------

------------------------------------------------------------------- param -----
param set type='array<string,string>' key='Iron/Models/interactions' index='V<100>+Gas' value='true'
-------------------------------------------------------------------------------

------------------------------------------------------------------- param -----
param set type='array<string,string>' key='Iron/Models/interactions' index='C+Gas' value='false'
-------------------------------------------------------------------------------

------------------------------------------------------------------- param -----
param set type='array<string,string>' key='Iron/Models/interactions' index='V+V' value='VCluster,1.'
-------------------------------------------------------------------------------

------------------------------------------------------------------- param -----
param set type='array<string,string>' key='Iron/Models/interactions' index='ICluster+V<100>' value='true'
-------------------------------------------------------------------------------

------------------------------------------------------------------- param -----
param set type='array<string,string>' key='Iron/Models/interactions' index='VCluster+V<100>' value='true'
-------------------------------------------------------------------------------

------------------------------------------------------------------- param -----
param set type='array<string,string>' key='Iron/Models/interactions' index='V<100>:V*+V' value='true'
-------------------------------------------------------------------------------

------------------------------------------------------------------- param -----
param set type='array<string,string>' key='Iron/Models/interactions' index='V<100>:V*+I' value='true'
-------------------------------------------------------------------------------

------------------------------------------------------------------- param -----
param set type='array<string,string>' key='Iron/Models/interactions' index='<100>+<111>' value='true'
-------------------------------------------------------------------------------

------------------------------------------------------------------- param -----
param set type='array<string,string>' key='Iron/Models/interactions' index='<111>+<111>' value='true'
-------------------------------------------------------------------------------

------------------------------------------------------------------- param -----
param set type='array<string,string>' key='Iron/Models/interactions' index='<100>+<100>' value='true'
-------------------------------------------------------------------------------

------------------------------------------------------------------- param -----
param set type='array<string,string>' key='Iron/Models/interactions' index='C+I' value='false'
-------------------------------------------------------------------------------

------------------------------------------------------------------- param -----
param set type='array<string,string>' key='Iron/Models/interactions' index='C+V' value='true'
-------------------------------------------------------------------------------

------------------------------------------------------------------- param -----
param set type='array<string,string>' key='Iron/Models/interactions' index='CI+V' value='false'
-------------------------------------------------------------------------------

------------------------------------------------------------------- param -----
param set type='array<string,string>' key='Iron/Models/interactions' index='CV+Gas' value='true'
-------------------------------------------------------------------------------

------------------------------------------------------------------- param -----
param set type='array<string,string>' key='Iron/Models/interactions' index='CI+Gas' value='false'
-------------------------------------------------------------------------------

------------------------------------------------------------------- param -----
param set type='array<string,string>' key='Iron/Models/interactions' index='I+I' value='ICluster,1.'
-------------------------------------------------------------------------------

------------------------------------------------------------------- param -----
param set type='array<string,string>' key='Iron/Models/interactions' index='I+V' value='0,0.9471'
-------------------------------------------------------------------------------

------------------------------------------------------------------- param -----
param set type='array<string,string>' key='Iron/Models/interactions' index='V+V' value='VCluster,1.'
-------------------------------------------------------------------------------

------------------------------------------------------------------- param -----
param set type='array<string,string>' key='Iron/Models/interactions' index='CV+I' value='true'
-------------------------------------------------------------------------------

------------------------------------------------------------------- param -----
param set type='array<string,string>' key='Iron/Models/interactions' index='CV+V' value='VCluster,1.'
-------------------------------------------------------------------------------

------------------------------------------------------------------- param -----
param set type='array<string,string>' key='Iron/Models/interactions' index='CV+C' value='VCluster,1.'
-------------------------------------------------------------------------------

------------------------------------------------------------------- param -----
param set type='array<string,string>' key='Iron/Models/interactions' index='CV+CV' value='VCluster,1.'
-------------------------------------------------------------------------------

------------------------------------------------------------------- param -----
param set type='array<string,string>' key='Iron/Models/interactions' index='Cr+I' value='true'
-------------------------------------------------------------------------------

------------------------------------------------------------------- param -----
param set type='array<string,string>' key='Iron/Models/interactions' index='Cr+V' value='true'
-------------------------------------------------------------------------------

------------------------------------------------------------------- param -----
param set type='array<string,string>' key='Iron/Models/interactions' index='VCluster:V*+C' value='true'
-------------------------------------------------------------------------------

------------------------------------------------------------------- param -----
param set type='array<string,string>' key='Iron/Models/interactions' index='ICluster:I*+C' value='false'
-------------------------------------------------------------------------------

------------------------------------------------------------------- param -----
param set type='array<string,string>' key='Iron/Models/interactions' index='<100>:I*+C' value='true'
-------------------------------------------------------------------------------

------------------------------------------------------------------- param -----
param set type='array<string,string>' key='Iron/Models/interactions' index='<100>:I*+CV' value='true'
-------------------------------------------------------------------------------

------------------------------------------------------------------- param -----
param set type='array<string,string>' key='Iron/Models/interactions' index='<111>:I*+C' value='true'
-------------------------------------------------------------------------------

------------------------------------------------------------------- param -----
param set type='array<string,string>' key='Iron/Models/interactions' index='<111>:I*+CV' value='true'
-------------------------------------------------------------------------------

------------------------------------------------------------------- param -----
param set type='array<string,string>' key='Iron/Models/interactions' index='<100>:I*+V' value='true,0.9471'
-------------------------------------------------------------------------------

------------------------------------------------------------------- param -----
param set type='array<string,string>' key='Iron/Models/interactions' index='<100>:I*+I' value='true,0.9471'
-------------------------------------------------------------------------------

------------------------------------------------------------------- param -----
param set type='array<string,string>' key='Iron/Models/interactions' index='<100>+ICluster' value='true,0.9471'
-------------------------------------------------------------------------------

------------------------------------------------------------------- param -----
param set type='array<string,string>' key='Iron/Models/interactions' index='<100>+VCluster' value='true,0.9471'
-------------------------------------------------------------------------------

------------------------------------------------------------------- param -----
param set type='array<string,string>' key='Iron/Models/interactions' index='<111>:I*+V' value='true,0.9471'
-------------------------------------------------------------------------------

------------------------------------------------------------------- param -----
param set type='array<string,string>' key='Iron/Models/interactions' index='<111>:I*+I' value='true,0.9471'
-------------------------------------------------------------------------------

------------------------------------------------------------------- param -----
param set type='array<string,string>' key='Iron/Models/interactions' index='<111>+ICluster' value='true,0.9471'
-------------------------------------------------------------------------------

------------------------------------------------------------------- param -----
param set type='array<string,string>' key='Iron/Models/interactions' index='<111>+VCluster' value='true,0.9471'
-------------------------------------------------------------------------------

------------------------------------------------------------------- param -----
param set type='array<string,string>' key='Iron/Models/interactions' index='ICluster:I*+V' value='true,0.9471'
-------------------------------------------------------------------------------

------------------------------------------------------------------- param -----
param set type='array<string,string>' key='Iron/Models/interactions' index='ICluster:I*+I' value='true,0.9471'
-------------------------------------------------------------------------------

------------------------------------------------------------------- param -----
param set type='array<string,string>' key='Iron/Models/interactions' index='ICluster+ICluster' value='true,0.9471'
-------------------------------------------------------------------------------

------------------------------------------------------------------- param -----
param set type='array<string,string>' key='Iron/Models/interactions' index='ICluster+VCluster' value='true,0.9471'
-------------------------------------------------------------------------------

------------------------------------------------------------------- param -----
param set type='array<string,string>' key='Iron/Models/interactions' index='VCluster:V*+V' value='true,0.9471'
-------------------------------------------------------------------------------

------------------------------------------------------------------- param -----
param set type='array<string,string>' key='Iron/Models/interactions' index='VCluster:V*+I' value='true,0.9471'
-------------------------------------------------------------------------------

------------------------------------------------------------------- param -----
param set type='array<string,string>' key='Iron/Models/interactions' index='VCluster+VCluster' value='true,0.9471'
-------------------------------------------------------------------------------

------------------------------------------------------------------- param -----
param set type='array<string,string>' key='Iron/Models/interactions' index='<111>:C*I*+C' value='true'
-------------------------------------------------------------------------------

------------------------------------------------------------------- param -----
param set type='array<string,string>' key='Iron/Models/interactions' index='<111>:C*I*+I' value='true'
-------------------------------------------------------------------------------

------------------------------------------------------------------- param -----
param set type='array<string,string>' key='Iron/Models/interactions' index='<111>:C*I*+V' value='true'
-------------------------------------------------------------------------------

------------------------------------------------------------------- param -----
param set type='array<string,string>' key='Iron/Models/interactions' index='<111>:C*I*+CV' value='true'
-------------------------------------------------------------------------------

------------------------------------------------------------------- param -----
param set type='array<string,string>' key='Iron/Models/interactions' index='<100>:C*I*+C' value='true'
-------------------------------------------------------------------------------

------------------------------------------------------------------- param -----
param set type='array<string,string>' key='Iron/Models/interactions' index='<100>:C*I*+I' value='true'
-------------------------------------------------------------------------------

------------------------------------------------------------------- param -----
param set type='array<string,string>' key='Iron/Models/interactions' index='<100>:C*I*+V' value='true'
-------------------------------------------------------------------------------

------------------------------------------------------------------- param -----
param set type='array<string,string>' key='Iron/Models/interactions' index='<100>:C*I*+CV' value='true'
-------------------------------------------------------------------------------

------------------------------------------------------------------- param -----
param set type='array<string,string>' key='Iron/Models/interactions' index='VCluster:C2V+C' value='true'
-------------------------------------------------------------------------------

------------------------------------------------------------------- param -----
param set type='array<string,string>' key='Iron/Models/interactions' index='VCluster:C2V+I' value='false'
-------------------------------------------------------------------------------

------------------------------------------------------------------- param -----
param set type='array<string,string>' key='Iron/Models/interactions' index='VCluster:C2V+V' value='true'
-------------------------------------------------------------------------------

------------------------------------------------------------------- param -----
param set type='array<string,string>' key='Iron/Models/interactions' index='VCluster:C2V+CV' value='true'
-------------------------------------------------------------------------------

------------------------------------------------------------------- param -----
param set type='array<string,string>' key='Iron/Models/interactions' index='VCluster:C3V+C' value='false'
-------------------------------------------------------------------------------

------------------------------------------------------------------- param -----
param set type='array<string,string>' key='Iron/Models/interactions' index='VCluster:C3V+I' value='false'
-------------------------------------------------------------------------------

------------------------------------------------------------------- param -----
param set type='array<string,string>' key='Iron/Models/interactions' index='VCluster:C3V+V' value='true'
-------------------------------------------------------------------------------

------------------------------------------------------------------- param -----
param set type='array<string,string>' key='Iron/Models/interactions' index='VCluster:C3V+CV' value='true'
-------------------------------------------------------------------------------

------------------------------------------------------------------- param -----
param set type='array<string>' key='Iron/Models/interaction.result' value=' 
	 (...)'
-------------------------------------------------------------------------------

------------------------------------------------------------------- param -----
param set type='arrhenius' key='Iron/Chromium/Cr(migration)' value='0 5'
-------------------------------------------------------------------------------

------------------------------------------------------------------- param -----
param set type='arrhenius' key='Iron/Chromium/Cr(formation)' value='1 0'
-------------------------------------------------------------------------------

------------------------------------------------------------------- param -----
param set type='arrhenius' key='Iron/Chromium/CrI(migration)' value='0.80e-4 0.217'
-------------------------------------------------------------------------------

------------------------------------------------------------------- param -----
param set type='arrhenius' key='Iron/Chromium/CrI(formation)' value='0% 10 3.70 100% 10 5.58'
-------------------------------------------------------------------------------

------------------------------------------------------------------- param -----
param set type='arrhenius' key='Iron/Chromium/CrV(migration)' value='0.80e-3 0.65'
-------------------------------------------------------------------------------

------------------------------------------------------------------- param -----
param set type='arrhenius' key='Iron/Chromium/CrV(formation)' value='0% 20 2.12 100% 20 2.55'
-------------------------------------------------------------------------------

------------------------------------------------------------------- param -----
param set type='arrhenius' key='Iron/Carbon/C(migration)' value='1.44e-3 0.91'
-------------------------------------------------------------------------------

------------------------------------------------------------------- param -----
param set type='arrhenius' key='Iron/Carbon/C(formation)' value='1 0'
-------------------------------------------------------------------------------

------------------------------------------------------------------- param -----
param set type='arrhenius' key='Iron/Carbon/CV(migration)' value='0 5'
-------------------------------------------------------------------------------

------------------------------------------------------------------- param -----
param set type='arrhenius' key='Iron/Carbon/CV(formation)' value='1e-3 1.4'
-------------------------------------------------------------------------------

------------------------------------------------------------------- param -----
param set type='map<string,float>' key='Gas_Iron/Carbon/desorption.high' value=' C 0 '
-------------------------------------------------------------------------------

------------------------------------------------------------------- param -----
param set type='map<string,float>' key='Gas_Iron/Carbon/barrier.right' value=' C 0 '
-------------------------------------------------------------------------------

------------------------------------------------------------------- param -----
param set type='arrhenius' key='Iron/Iron/(migration)' value='0 5'
-------------------------------------------------------------------------------

------------------------------------------------------------------- param -----
param set type='arrhenius' key='Iron/Iron/(formation)' value='1 10'
-------------------------------------------------------------------------------

------------------------------------------------------------------- param -----
param set type='arrhenius' key='Iron/Iron/I(migration)' value='0% 1.107e-2 0.30 100% 1.107e-2 0.23'
-------------------------------------------------------------------------------

------------------------------------------------------------------- param -----
param set type='arrhenius' key='Iron/Iron/I(formation)' value='0% 1.0e25 3.64 100% 1.0e25 5.66'
-------------------------------------------------------------------------------

------------------------------------------------------------------- param -----
param set type='float' key='Iron/Iron/correlation.factor' value='1'
-------------------------------------------------------------------------------

------------------------------------------------------------------- param -----
param set type='arrhenius' key='Iron/Iron/alpha' value='5 0.1'
-------------------------------------------------------------------------------

------------------------------------------------------------------- param -----
param set type='arrhenius' key='Iron/Vacancy/V(migration)' value='0% 1.373e-3 0.60 100% 1.373e-3 0.55'
-------------------------------------------------------------------------------

------------------------------------------------------------------- param -----
param set type='arrhenius' key='Iron/Vacancy/V(formation)' value='0% 5.10e24 2.00 100% 5.1e24 2.61'
-------------------------------------------------------------------------------

------------------------------------------------------------------- param -----
param set type='float' key='Iron/Vacancy/correlation.factor' value='0.727'
-------------------------------------------------------------------------------

------------------------------------------------------------------- param -----
param set type='arrhenius' key='Iron/Vacancy/alpha' value='5 0.1'
-------------------------------------------------------------------------------

------------------------------------------------------------------- param -----
param set type='string' key='Iron/ICluster/shape' value='irregular'
-------------------------------------------------------------------------------

------------------------------------------------------------------- param -----
param set type='float' key='Iron/ICluster/density.cm3' value='8.46e22'
-------------------------------------------------------------------------------

------------------------------------------------------------------- param -----
param set type='string' key='Iron/ICluster/migration.type' value='3d'
-------------------------------------------------------------------------------

------------------------------------------------------------------- param -----
param set type='coordinates' key='Iron/ICluster/axis.1' value=' 0 1 0 '
-------------------------------------------------------------------------------

------------------------------------------------------------------- param -----
param set type='coordinates' key='Iron/ICluster/axis.0' value=' 0 0 1 '
-------------------------------------------------------------------------------

------------------------------------------------------------------- param -----
param set type='coordinates' key='Iron/ICluster/not.in.plane' value=' 0 0 0 '
-------------------------------------------------------------------------------

------------------------------------------------------------------- param -----
param set type='float' key='Iron/ICluster/axes.ratio' value='1'
-------------------------------------------------------------------------------

------------------------------------------------------------------- param -----
param set type='bool' key='Iron/ICluster/IV.model' value='false'
-------------------------------------------------------------------------------

------------------------------------------------------------------- param -----
param set type='bool' key='Iron/ICluster/percolation' value='true'
-------------------------------------------------------------------------------

------------------------------------------------------------------- param -----
param set type='float' key='Iron/ICluster/lambda' value='0.287'
-------------------------------------------------------------------------------

------------------------------------------------------------------- param -----
param set type='string' key='Iron/ICluster/to' value='<100>'
-------------------------------------------------------------------------------

------------------------------------------------------------------- param -----
param set type='string' key='Iron/ICluster/from' value='<111>'
-------------------------------------------------------------------------------

------------------------------------------------------------------- param -----
param set type='proc' key='Iron/ICluster/migration' value='  s (...)'
-------------------------------------------------------------------------------

------------------------------------------------------------------- param -----
param set type='proc' key='Iron/ICluster/transform.to' value='    (...)'
-------------------------------------------------------------------------------

------------------------------------------------------------------- param -----
param set type='proc' key='Iron/ICluster/transform.from' value='  s (...)'
-------------------------------------------------------------------------------

------------------------------------------------------------------- param -----
param set type='proc' key='Iron/ICluster/formation' value='  s (...)'
-------------------------------------------------------------------------------

------------------------------------------------------------------- param -----
param set type='proc' key='Iron/ICluster/prefactor' value='  s (...)'
-------------------------------------------------------------------------------

------------------------------------------------------------------- param -----
param set type='string' key='Iron/<111>/shape' value='disk'
-------------------------------------------------------------------------------

------------------------------------------------------------------- param -----
param set type='float' key='Iron/<111>/density.cm2' value='1.95e15'
-------------------------------------------------------------------------------

------------------------------------------------------------------- param -----
param set type='string' key='Iron/<111>/migration.type' value='perpendicular'
-------------------------------------------------------------------------------

------------------------------------------------------------------- param -----
param set type='coordinates' key='Iron/<111>/axis.1' value=' 0 -1 1 '
-------------------------------------------------------------------------------

------------------------------------------------------------------- param -----
param set type='coordinates' key='Iron/<111>/axis.0' value=' 2 -1 -1 '
-------------------------------------------------------------------------------

------------------------------------------------------------------- param -----
param set type='coordinates' key='Iron/<111>/not.in.plane' value=' 0 0 0 '
-------------------------------------------------------------------------------

------------------------------------------------------------------- param -----
param set type='float' key='Iron/<111>/axes.ratio' value='1'
-------------------------------------------------------------------------------

------------------------------------------------------------------- param -----
param set type='bool' key='Iron/<111>/IV.model' value='false'
-------------------------------------------------------------------------------

------------------------------------------------------------------- param -----
param set type='bool' key='Iron/<111>/percolation' value='true'
-------------------------------------------------------------------------------

------------------------------------------------------------------- param -----
param set type='float' key='Iron/<111>/lambda' value='0.287'
-------------------------------------------------------------------------------

------------------------------------------------------------------- param -----
param set type='string' key='Iron/<111>/to' value='<111>'
-------------------------------------------------------------------------------

------------------------------------------------------------------- param -----
param set type='string' key='Iron/<111>/from' value='ICluster'
-------------------------------------------------------------------------------

------------------------------------------------------------------- param -----
param set type='proc' key='Iron/<111>/migration' value='  s (...)'
-------------------------------------------------------------------------------

------------------------------------------------------------------- param -----
param set type='proc' key='Iron/<111>/formation' value='  s (...)'
-------------------------------------------------------------------------------

------------------------------------------------------------------- param -----
param set type='proc' key='Iron/<111>/prefactor' value='    (...)'
-------------------------------------------------------------------------------

------------------------------------------------------------------- param -----
param set type='string' key='Iron/<100>/shape' value='disk'
-------------------------------------------------------------------------------

------------------------------------------------------------------- param -----
param set type='float' key='Iron/<100>/density.cm2' value='1.92e15'
-------------------------------------------------------------------------------

------------------------------------------------------------------- param -----
param set type='string' key='Iron/<100>/migration.type' value='perpendicular'
-------------------------------------------------------------------------------

------------------------------------------------------------------- param -----
param set type='coordinates' key='Iron/<100>/axis.1' value=' 0 1 0 '
-------------------------------------------------------------------------------

------------------------------------------------------------------- param -----
param set type='coordinates' key='Iron/<100>/axis.0' value=' 0 0 1 '
-------------------------------------------------------------------------------

------------------------------------------------------------------- param -----
param set type='coordinates' key='Iron/<100>/not.in.plane' value=' 0 0 0 '
-------------------------------------------------------------------------------

------------------------------------------------------------------- param -----
param set type='float' key='Iron/<100>/axes.ratio' value='1'
-------------------------------------------------------------------------------

------------------------------------------------------------------- param -----
param set type='bool' key='Iron/<100>/IV.model' value='false'
-------------------------------------------------------------------------------

------------------------------------------------------------------- param -----
param set type='bool' key='Iron/<100>/percolation' value='true'
-------------------------------------------------------------------------------

------------------------------------------------------------------- param -----
param set type='float' key='Iron/<100>/lambda' value='0.287'
-------------------------------------------------------------------------------

------------------------------------------------------------------- param -----
param set type='string' key='Iron/<100>/from' value='ICluster'
-------------------------------------------------------------------------------

------------------------------------------------------------------- param -----
param set type='proc' key='Iron/<100>/migration' value='    (...)'
-------------------------------------------------------------------------------

------------------------------------------------------------------- param -----
param set type='proc' key='Iron/<100>/transform.from' value='    (...)'
-------------------------------------------------------------------------------

------------------------------------------------------------------- param -----
param set type='proc' key='Iron/<100>/formation' value='    (...)'
-------------------------------------------------------------------------------

------------------------------------------------------------------- param -----
param set type='proc' key='Iron/<100>/prefactor' value='    (...)'
-------------------------------------------------------------------------------

------------------------------------------------------------------- param -----
param set type='string' key='Iron/VCluster/shape' value='void'
-------------------------------------------------------------------------------

------------------------------------------------------------------- param -----
param set type='float' key='Iron/VCluster/density.cm3' value='8.46e22'
-------------------------------------------------------------------------------

------------------------------------------------------------------- param -----
param set type='string' key='Iron/VCluster/migration.type' value='3d'
-------------------------------------------------------------------------------

------------------------------------------------------------------- param -----
param set type='coordinates' key='Iron/VCluster/axis.1' value=' 0 1 0 '
-------------------------------------------------------------------------------

------------------------------------------------------------------- param -----
param set type='coordinates' key='Iron/VCluster/axis.0' value=' 0 0 1 '
-------------------------------------------------------------------------------

------------------------------------------------------------------- param -----
param set type='coordinates' key='Iron/VCluster/not.in.plane' value=' 0 0 0 '
-------------------------------------------------------------------------------

------------------------------------------------------------------- param -----
param set type='float' key='Iron/VCluster/axes.ratio' value='1'
-------------------------------------------------------------------------------

------------------------------------------------------------------- param -----
param set type='bool' key='Iron/VCluster/IV.model' value='false'
-------------------------------------------------------------------------------

------------------------------------------------------------------- param -----
param set type='bool' key='Iron/VCluster/percolation' value='true'
-------------------------------------------------------------------------------

------------------------------------------------------------------- param -----
param set type='float' key='Iron/VCluster/lambda' value='0.287'
-------------------------------------------------------------------------------

------------------------------------------------------------------- param -----
param set type='proc' key='Iron/VCluster/formation' value='    (...)'
-------------------------------------------------------------------------------

------------------------------------------------------------------- param -----
param set type='proc' key='Iron/VCluster/prefactor' value='    (...)'
-------------------------------------------------------------------------------

------------------------------------------------------------------- param -----
param set type='proc' key='Iron/VCluster/migration' value=' 
	 (...)'
-------------------------------------------------------------------------------

------------------------------------------------------------------- param -----
param set type='string' key='Iron/V<100>/shape' value='disk'
-------------------------------------------------------------------------------

------------------------------------------------------------------- param -----
param set type='float' key='Iron/V<100>/density.cm2' value='0.83e15'
-------------------------------------------------------------------------------

------------------------------------------------------------------- param -----
param set type='string' key='Iron/V<100>/migration.type' value='perpendicular'
-------------------------------------------------------------------------------

------------------------------------------------------------------- param -----
param set type='coordinates' key='Iron/V<100>/axis.1' value=' 0 1 0 '
-------------------------------------------------------------------------------

------------------------------------------------------------------- param -----
param set type='coordinates' key='Iron/V<100>/axis.0' value=' 0 0 1 '
-------------------------------------------------------------------------------

------------------------------------------------------------------- param -----
param set type='coordinates' key='Iron/V<100>/not.in.plane' value=' 1 0 0 '
-------------------------------------------------------------------------------

------------------------------------------------------------------- param -----
param set type='float' key='Iron/V<100>/axes.ratio' value='1'
-------------------------------------------------------------------------------

------------------------------------------------------------------- param -----
param set type='bool' key='Iron/V<100>/IV.model' value='false'
-------------------------------------------------------------------------------

------------------------------------------------------------------- param -----
param set type='bool' key='Iron/V<100>/percolation' value='true'
-------------------------------------------------------------------------------

------------------------------------------------------------------- param -----
param set type='float' key='Iron/V<100>/lambda' value='0.287'
-------------------------------------------------------------------------------

------------------------------------------------------------------- param -----
param set type='string' key='Iron/V<100>/to' value='VCluster'
-------------------------------------------------------------------------------

------------------------------------------------------------------- param -----
param set type='string' key='Iron/V<100>/from' value='V<100>'
-------------------------------------------------------------------------------

------------------------------------------------------------------- param -----
param set type='proc' key='Iron/V<100>/migration' value=' 
  (...)'
-------------------------------------------------------------------------------

------------------------------------------------------------------- param -----
param set type='proc' key='Iron/V<100>/formation' value=' 
	 (...)'
-------------------------------------------------------------------------------

------------------------------------------------------------------- param -----
param set type='proc' key='Iron/V<100>/prefactor' value=' 
	 (...)'
-------------------------------------------------------------------------------

------------------------------------------------------------------- param -----
param set type='bool' key='MC/Mesh/speed.up' value='false'
-------------------------------------------------------------------------------

------------------------------------------------------------------- param -----
param set type='bool' key='Iron/Models/self.diffusion' value='true'
-------------------------------------------------------------------------------

------------------------------------------------------------------- param -----
param set type='float' key='Iron/Models/smoothing.factor' value='1'
-------------------------------------------------------------------------------

------------------------------------------------------------------- param -----
param set type='float' key='Iron/Models/alloy.second.neighbor.contribution' value='0.5'
-------------------------------------------------------------------------------

------------------------------------------------------------------- param -----
param get type='float' key='MC/Mesh/spacing.x'
-------------------------------------------------------------------------------

------------------------------------------------------------------- param -----
param get type='float' key='MC/Mesh/spacing.y'
-------------------------------------------------------------------------------

------------------------------------------------------------------- param -----
param get type='float' key='MC/Mesh/spacing.z'
-------------------------------------------------------------------------------

------------------------------------------------------------------- param -----
param get type='float' key='Iron/Models/atomic.density'
-------------------------------------------------------------------------------

------------------------------------------------------------------- param -----
param set type='float' key='Iron/Models/lambda' value='0.287'
-------------------------------------------------------------------------------

------------------------------------------------------------------- param -----
param set type='float' key='Iron/Models/melt.radius' value='3.0'
-------------------------------------------------------------------------------

------------------------------------------------------------------- param -----
param set type='map<string,bool>' key='Iron/Models/can.melt' value=' 
  (...)'
-------------------------------------------------------------------------------

------------------------------------------------------------------- param -----
param set type='map<string,string>' key='MC/General/materials' value='Iron Fe Gas Gas'
-------------------------------------------------------------------------------

-------------------------------------------------------------------- init -----
init minx='0' miny='0' minz='0' maxx='11.479999999999999' maxy='11.479999999999999' maxz='11.479999999999999' material='material'
-------------------------------------------------------------------------------

Melt radius for Gas not found. Set to zero instead.
Reading defects: Gas() Iron(<100> <111> HeCluster ICluster V<100> VCluster ) 
     X: (0 - 11.48) nm. 8 elements. Delta = 1.435 nm.
     Y: (0 - 11.48) nm. 8 elements. Delta = 1.435 nm.
     Z: (0 - 11.48) nm. 8 elements. Delta = 1.435 nm.
Total 512 elements
Loading Particle To Node handler
Building nodes... Done
0 -> Gas
1 -> Iron
11111111 -           0:1.435
11111111 -           10.045:11.48
Starting clusters:  Gas() Iron(<100> <111> HeCluster ICluster V<100> VCluster )
Interfacing...
Checking SPER... 0/0 atoms. Done.
-------------------------------------------------------------------- save -----
save lammps='accumulation' scale='10'
-------------------------------------------------------------------------------

Writing 0 atoms in accumulation.dump done!.
----------------------------------------------------------------- cascade -----
cascade file='defects.xyz' format='B:C:D:E' periodic fluence='7587806092097758.0' flux='126463434868295.97' temp='-266.15' voluminic overlap
-------------------------------------------------------------------------------

Trying 10000 cascades for domain 0
10000 cascades detected. Format detected is '# New cascade' tag.
---------------------------- Warning -----------------------------------
Empty cascades are present.
----------------------------------------------------------------- extract -----
extract time
-------------------------------------------------------------------------------

-------------------------------------------------------------------- save -----
save lammps='accumulation' scale='10' append
-------------------------------------------------------------------------------

Writing 0 atoms in accumulation.dump done!.
-266C   0.0109s           1   0.02%    9.2e+01 s^-1       0 ev/s 729 Mb
----------------------------------------------------------------- extract -----
extract time
-------------------------------------------------------------------------------

-------------------------------------------------------------------- save -----
save lammps='accumulation' scale='10' append
-------------------------------------------------------------------------------

Writing 0 atoms in accumulation.dump done!.
-266C   0.0185s           2   0.03%    1.3e+02 s^-1 729 Mb
----------------------------------------------------------------- extract -----
extract time
-------------------------------------------------------------------------------

-------------------------------------------------------------------- save -----
save lammps='accumulation' scale='10' append
-------------------------------------------------------------------------------

Writing 4 atoms in accumulation.dump done!.
-266C   0.0276s           4   0.05%    2.2e+02 s^-1 729 Mb
----------------------------------------------------------------- extract -----
extract time
-------------------------------------------------------------------------------

-------------------------------------------------------------------- save -----
save lammps='accumulation' scale='10' append
-------------------------------------------------------------------------------

Writing 10 atoms in accumulation.dump done!.
-266C   0.0319s           5   0.05%    2.3e+02 s^-1 729 Mb
----------------------------------------------------------------- extract -----
extract time
-------------------------------------------------------------------------------

-------------------------------------------------------------------- save -----
save lammps='accumulation' scale='10' append
-------------------------------------------------------------------------------

Writing 9 atoms in accumulation.dump done!.
-266C   0.0418s          10   0.07%    5.1e+02 s^-1 729 Mb
----------------------------------------------------------------- extract -----
extract time
-------------------------------------------------------------------------------

-------------------------------------------------------------------- save -----
save lammps='accumulation' scale='10' append
-------------------------------------------------------------------------------

Writing 9 atoms in accumulation.dump done!.
-266C     0.05s          12   0.08%    2.4e+02 s^-1 729 Mb
----------------------------------------------------------------- extract -----
extract time
-------------------------------------------------------------------------------

-------------------------------------------------------------------- save -----
save lammps='accumulation' scale='10' append
-------------------------------------------------------------------------------

Writing 13 atoms in accumulation.dump done!.
-266C   0.0646s          14   0.11%    1.4e+02 s^-1 729 Mb
----------------------------------------------------------------- extract -----
extract time
-------------------------------------------------------------------------------

-------------------------------------------------------------------- save -----
save lammps='accumulation' scale='10' append
-------------------------------------------------------------------------------

Writing 16 atoms in accumulation.dump done!.
-266C   0.0747s          16   0.12%    2.0e+02 s^-1 729 Mb
----------------------------------------------------------------- extract -----
extract time
-------------------------------------------------------------------------------

-------------------------------------------------------------------- save -----
save lammps='accumulation' scale='10' append
-------------------------------------------------------------------------------

Writing 24 atoms in accumulation.dump done!.
-266C   0.0837s          17   0.14%    1.1e+02 s^-1 729 Mb
----------------------------------------------------------------- extract -----
extract time
-------------------------------------------------------------------------------

-------------------------------------------------------------------- save -----
save lammps='accumulation' scale='10' append
-------------------------------------------------------------------------------

Writing 26 atoms in accumulation.dump done!.
-266C    0.093s          18   0.16%    1.1e+02 s^-1 729 Mb
----------------------------------------------------------------- extract -----
extract time
-------------------------------------------------------------------------------

-------------------------------------------------------------------- save -----
save lammps='accumulation' scale='10' append
-------------------------------------------------------------------------------

Writing 36 atoms in accumulation.dump done!.
-266C    0.101s          21   0.17%    3.8e+02 s^-1 729 Mb
----------------------------------------------------------------- extract -----
extract time
-------------------------------------------------------------------------------

-------------------------------------------------------------------- save -----
save lammps='accumulation' scale='10' append
-------------------------------------------------------------------------------

Writing 35 atoms in accumulation.dump done!.
-266C    0.114s          23   0.19%    1.5e+02 s^-1 729 Mb
----------------------------------------------------------------- extract -----
extract time
-------------------------------------------------------------------------------

-------------------------------------------------------------------- save -----
save lammps='accumulation' scale='10' append
-------------------------------------------------------------------------------

Writing 40 atoms in accumulation.dump done!.
-266C        1s         156   1.67%    1.5e+02 s^-1 729 Mb
----------------------------------------------------------------- extract -----
extract time
-------------------------------------------------------------------------------

-------------------------------------------------------------------- save -----
save lammps='accumulation' scale='10' append
-------------------------------------------------------------------------------

Writing 86 atoms in accumulation.dump done!.
-266C        2s         341   3.34%    1.8e+02 s^-1 729 Mb
----------------------------------------------------------------- extract -----
extract time
-------------------------------------------------------------------------------

-------------------------------------------------------------------- save -----
save lammps='accumulation' scale='10' append
-------------------------------------------------------------------------------

Writing 64 atoms in accumulation.dump done!.
-266C        3s         511   5.00%    1.7e+02 s^-1 729 Mb
----------------------------------------------------------------- extract -----
extract time
-------------------------------------------------------------------------------

-------------------------------------------------------------------- save -----
save lammps='accumulation' scale='10' append
-------------------------------------------------------------------------------

Writing 105 atoms in accumulation.dump done!.
-266C        4s         665   6.67%    1.5e+02 s^-1 729 Mb
----------------------------------------------------------------- extract -----
extract time
-------------------------------------------------------------------------------

-------------------------------------------------------------------- save -----
save lammps='accumulation' scale='10' append
-------------------------------------------------------------------------------

Writing 280 atoms in accumulation.dump done!.
-266C     5.01s         830   8.34%    1.6e+02 s^-1 729 Mb
----------------------------------------------------------------- extract -----
extract time
-------------------------------------------------------------------------------

-------------------------------------------------------------------- save -----
save lammps='accumulation' scale='10' append
-------------------------------------------------------------------------------

Writing 138 atoms in accumulation.dump done!.
-266C     6.03s         984  10.06%    1.5e+02 s^-1 729 Mb
----------------------------------------------------------------- extract -----
extract time
-------------------------------------------------------------------------------

-------------------------------------------------------------------- save -----
save lammps='accumulation' scale='10' append
-------------------------------------------------------------------------------

Writing 254 atoms in accumulation.dump done!.
-266C     7.01s        1179  11.68%    2.0e+02 s^-1 729 Mb
----------------------------------------------------------------- extract -----
extract time
-------------------------------------------------------------------------------

-------------------------------------------------------------------- save -----
save lammps='accumulation' scale='10' append
-------------------------------------------------------------------------------

Writing 246 atoms in accumulation.dump done!.
-266C        8s        1355  13.34%    1.8e+02 s^-1 729 Mb
----------------------------------------------------------------- extract -----
extract time
-------------------------------------------------------------------------------

-------------------------------------------------------------------- save -----
save lammps='accumulation' scale='10' append
-------------------------------------------------------------------------------

Writing 208 atoms in accumulation.dump done!.
-266C     9.01s        1506  15.01%    1.5e+02 s^-1 729 Mb
----------------------------------------------------------------- extract -----
extract time
-------------------------------------------------------------------------------

-------------------------------------------------------------------- save -----
save lammps='accumulation' scale='10' append
-------------------------------------------------------------------------------

Writing 203 atoms in accumulation.dump done!.
-266C       10s        1688  16.67%    1.8e+02 s^-1 729 Mb
----------------------------------------------------------------- extract -----
extract time
-------------------------------------------------------------------------------

-------------------------------------------------------------------- save -----
save lammps='accumulation' scale='10' append
-------------------------------------------------------------------------------

Writing 349 atoms in accumulation.dump done!.
-266C       20s        3394  33.34%    1.7e+02 s^-1 729 Mb
----------------------------------------------------------------- extract -----
extract time
-------------------------------------------------------------------------------

-------------------------------------------------------------------- save -----
save lammps='accumulation' scale='10' append
-------------------------------------------------------------------------------

Writing 583 atoms in accumulation.dump done!.
-266C       30s        5094  50.00%    1.7e+02 s^-1    1700 ev/s 729 Mb
----------------------------------------------------------------- extract -----
extract time
-------------------------------------------------------------------------------

-------------------------------------------------------------------- save -----
save lammps='accumulation' scale='10' append
-------------------------------------------------------------------------------

Writing 621 atoms in accumulation.dump done!.
-266C       40s        6831  66.69%    1.7e+02 s^-1 729 Mb
----------------------------------------------------------------- extract -----
extract time
-------------------------------------------------------------------------------

-------------------------------------------------------------------- save -----
save lammps='accumulation' scale='10' append
-------------------------------------------------------------------------------

Writing 829 atoms in accumulation.dump done!.
-266C       50s        8564  83.34%    1.7e+02 s^-1 729 Mb
Created Iron,I(28623) Iron,V(28623) 
----------------------------------------------------------------- extract -----
extract time
-------------------------------------------------------------------------------

-------------------------------------------------------------------- save -----
save lammps='accumulation' scale='10' append
-------------------------------------------------------------------------------

Writing 846 atoms in accumulation.dump done!.
------------------------------------------------------------------ report -----
report all overlap.fullreport
-------------------------------------------------------------------------------

Created Iron,I(28623) Iron,V(28623) 
----------------- Event Log --------------
 ----------------------------------------Gas                    Cascade
Type                Cascades
Cascade                10103

 ----------------------------------------Iron                   Cluster
Type                   Mig      To    From     Rec Emissions  
<111>/I2                                12         
<111>/I3                                17         
<111>/I4                                57         
ICluster/I5                             40         
ICluster/I6                             33         
ICluster/I7                             11         
ICluster/I8                             10         
ICluster/I9                             69         

----------------- Reaction Log --------------
 ----------------------------------------Iron            MobileParticle
MobileParticle V+V                 452 V+I                3109
MobileParticle I+V                2351 I+I                 716

 ----------------------------------------Iron                   Cluster
Cluster    <111>+V            4785 <111>+I            4749 <111>+<111>          13 <111>+ICluster       19 <111>+VCluster       17
Cluster    ICluster+V          244 ICluster+I         1206 ICluster+<111>        7 ICluster+ICluster      15 ICluster+VCluster       4
Cluster    VCluster+V         2089 VCluster+I          200 VCluster+<111>        9 VCluster+ICluster       2 VCluster+VCluster       3

----------------- Cascade overlap reaction Log --------------
 ----------------------------------------Iron           
Defects destroyed: 

From                                  To                   Count

ICluster/I2        ->   MobileParticle I                  29
ICluster/I2        ->                [X]                 301
ICluster/I3        ->        ICluster/I2                   8
ICluster/I3        ->   MobileParticle I                  12
ICluster/I3        ->                [X]                  71
ICluster/I4        ->        ICluster/I2                   5
ICluster/I4        ->        ICluster/I3                   5
ICluster/I4        ->   MobileParticle I                   8
ICluster/I4        ->  MobileParticle I2                   2
                    +         ICluster/I
ICluster/I4        ->                [X]                  79
MobileParticle I   ->                [X]               15720
MobileParticle V   ->                [X]               15225
VCluster/V2        ->   MobileParticle V                  17
VCluster/V2        ->                [X]                 111
VCluster/V3        ->   MobileParticle V                   6
VCluster/V3        ->        VCluster/V2                   9
VCluster/V3        ->                [X]                  23
VCluster/V4        ->   MobileParticle V                   4
VCluster/V4        ->        VCluster/V2                   3
VCluster/V4        ->        VCluster/V3                   4
VCluster/V4        ->                [X]                  34
VCluster/V5        ->   MobileParticle V                   2
VCluster/V5        ->        VCluster/V2                   4
VCluster/V5        ->        VCluster/V3                   4
VCluster/V5        ->        VCluster/V4                   3
VCluster/V5        ->                [X]                  32
VCluster/V6        ->   MobileParticle V                   3
VCluster/V6        ->        VCluster/V3                   1
VCluster/V6        ->        VCluster/V4                   1
VCluster/V6        ->        VCluster/V5                   5
VCluster/V6        ->                [X]                  22
VCluster/V7        ->   MobileParticle V                   1
VCluster/V7        ->        VCluster/V4                   1
VCluster/V7        ->        VCluster/V5                   5
VCluster/V7        ->        VCluster/V6                   6
VCluster/V7        ->                [X]                  14
VCluster/V8        ->   MobileParticle V                   1
VCluster/V8        ->        VCluster/V2                   1
VCluster/V8        ->        VCluster/V3                   2
VCluster/V8        ->        VCluster/V4                   3
VCluster/V8        ->        VCluster/V5                   1
VCluster/V8        ->        VCluster/V6                   1
VCluster/V8        ->        VCluster/V7                   1
VCluster/V8        ->                [X]                  15
VCluster/V9        ->   MobileParticle V                   2
VCluster/V9        ->        VCluster/V2                   1
VCluster/V9        ->        VCluster/V3                   1
VCluster/V9        ->        VCluster/V7                   4
VCluster/V9        ->        VCluster/V8                   3
VCluster/V9        ->                [X]                  24
VCluster/V10       ->        VCluster/V3                   1
VCluster/V10       ->        VCluster/V5                   2
VCluster/V10       ->        VCluster/V7                   1
VCluster/V10       ->        VCluster/V9                   1
VCluster/V10       ->                [X]                   7
VCluster/V11       ->        VCluster/V2                   2
VCluster/V11       ->        VCluster/V3                   1
VCluster/V11       ->        VCluster/V4                   1
VCluster/V11       ->        VCluster/V5                   2
VCluster/V11       ->        VCluster/V6                   1
VCluster/V11       ->        VCluster/V8                   1
VCluster/V11       ->        VCluster/V9                   3
VCluster/V11       ->       VCluster/V10                   1
VCluster/V11       ->                [X]                   8
VCluster/V12       ->        VCluster/V3                   1
VCluster/V12       ->        VCluster/V5                   1
VCluster/V12       ->        VCluster/V8                   1
VCluster/V12       ->        VCluster/V9                   3
VCluster/V12       ->       VCluster/V10                   3
VCluster/V12       ->       VCluster/V11                   3
VCluster/V12       ->                [X]                  11
VCluster/V13       ->   MobileParticle V                   1
VCluster/V13       ->        VCluster/V7                   1
VCluster/V13       ->                [X]                   6
VCluster/V14       ->       VCluster/V11                   1
VCluster/V14       ->       VCluster/V13                   1
VCluster/V14       ->                [X]                   2
VCluster/V15       ->        VCluster/V2                   1
VCluster/V15       ->        VCluster/V4                   1
VCluster/V15       ->                [X]                   2
VCluster/V16       ->   MobileParticle V                   1
VCluster/V16       ->       VCluster/V12                   2
VCluster/V16       ->                [X]                   1
VCluster/V17       ->        VCluster/V3                   1
VCluster/V17       ->        VCluster/V5                   1
VCluster/V17       ->        VCluster/V7                   1
VCluster/V17       ->       VCluster/V15                   1
VCluster/V17       ->       VCluster/V16                   2
VCluster/V17       ->                [X]                   3
VCluster/V18       ->        VCluster/V5                   1
VCluster/V18       ->       VCluster/V16                   1
VCluster/V18       ->       VCluster/V17                   3
VCluster/V18       ->                [X]                   2
VCluster/V19       ->        VCluster/V3                   1
VCluster/V19       ->                [X]                   2
VCluster/V20       ->        VCluster/V6                   1
VCluster/V20       ->       VCluster/V17                   1
VCluster/V20       ->       VCluster/V18                   1
VCluster/V20       ->                [X]                   2
VCluster/V21       ->                [X]                   1
VCluster/V23       ->       VCluster/V14                   1
VCluster/V23       ->                [X]                   1
VCluster/V24       ->       VCluster/V20                   1
VCluster/V25       ->                [X]                   1
VCluster/V26       ->        VCluster/V7                   1
VCluster/V26       ->                [X]                   1
VCluster/V27       ->       VCluster/V18                   1
VCluster/V29       ->                [X]                   1
VCluster/V36       ->       VCluster/V20                   1
VCluster/V42       ->                [X]                   2

Particles removed: 

                V                                      17753
                I                                      16953

Total:                                                 34706

Particle sum across all materials:                     34706

----------------------------- Defect logfile --------------
---------------------------------------      Iron --------
<111>/I10                            4
<111>/I12                            1
<111>/I13                            2
<111>/I14                            1
<111>/I16                            1
<111>/I17                            5
<111>/I18                            2
<111>/I19                            1
<111>/I20                            1
<111>/I21                            1
<111>/I23                            1
<111>/I27                            1
<111>/I28                            1
<111>/I29                            1
<111>/I34                            1
<111>/I36                            1
<111>/I38                            1
<111>/I47                            1
<111>/I55                            1
<111>/I6                             2
<111>/I64                            1
<111>/I87                            1
<111>/I9                             4
MobileParticle/I                    18
MobileParticle/V                    18
VCluster/V5                          1
0 -> Gas
1 -> Iron
11111111 -           0:1.435
11111111 -           10.045:11.48
Time spent: 19s. Annealing: 1s.
      3677 times: Empty cascades are present.
There are 16 total sentences. Collect them all!
Lo ms importante en la vida es...
                               ... Vaya! Se me olvid!
