#   #        #   #  ###  #   #      ###  ###    
## ##        ## ## #   # ##  #     #    #   #      Modular
# # #        # # # #   # # # #     #    #####        MC  
#   #        #   # #   # #  ##     #    #   #      Simulator
#   # odular #   #  ###  #   # te   ### #   # rlo 
Version: 2.0.16
Compiled on Jul 30 2025 14:32:21 for x86_64-Linux
for #1 SMP PREEMPT_DYNAMIC Mon Jul 28 14:03:00 EDT 2025
        Contact: imartin2@ucam.edu
        https://github.com/imartinbragado/MMonCa
OKMC: (C) 2011-2014  IMDEA Materials Institute.
OKMC: (C) 2015-2018  Ignacio Martin, Ignacio Dopico.
LKMC: (C) 2011-2014  IMDEA Materials Institute.
LKMC: (C) 2015-2018  Ignacio Martin, Ignacio Dopico
All:  (C) 2019-today Ignacio Martin. imartin2@ucam.edu
 For licensing details, write "license"
------------------------------------------------------------------- param -----
param set type='map<string,bool>' key='Iron/Models/particles' index='CI' value='false'
-------------------------------------------------------------------------------

------------------------------------------------------------------- param -----
param set type='map<string,bool>' key='Iron/Models/particles' index='C' value='true'
-------------------------------------------------------------------------------

------------------------------------------------------------------- param -----
param set type='map<string,bool>' key='Iron/Models/particles' index='CV' value='true'
-------------------------------------------------------------------------------

------------------------------------------------------------------- param -----
param set type='map<string,bool>' key='Iron/Models/particles' index='He' value='true'
-------------------------------------------------------------------------------

------------------------------------------------------------------- param -----
param set type='map<string,bool>' key='Iron/Models/particles' index='HeV' value='true'
-------------------------------------------------------------------------------

------------------------------------------------------------------- param -----
param set type='map<string,bool>' key='Iron/Models/particles' index='CrI' value='true'
-------------------------------------------------------------------------------

------------------------------------------------------------------- param -----
param set type='map<string,bool>' key='Iron/Models/particles' index='CrV' value='true'
-------------------------------------------------------------------------------

------------------------------------------------------------------- param -----
param set type='map<string,bool>' key='Iron/Models/particles' index='Cr' value='true'
-------------------------------------------------------------------------------

------------------------------------------------------------------- param -----
param set type='map<string,bool>' key='Iron/Models/defined' index='V<100>' value='true'
-------------------------------------------------------------------------------

------------------------------------------------------------------- param -----
param set type='map<string,bool>' key='Iron/Models/defined' index='HeCluster' value='true'
-------------------------------------------------------------------------------

------------------------------------------------------------------- param -----
param set type='array<string,string>' key='Iron/Models/interactions' index='VCluster+Gas' value='true'
-------------------------------------------------------------------------------

------------------------------------------------------------------- param -----
param set type='array<string,string>' key='Iron/Models/interactions' index='ICluster+Gas' value='true'
-------------------------------------------------------------------------------

------------------------------------------------------------------- param -----
param set type='array<string,string>' key='Iron/Models/interactions' index='<100>+Gas' value='true'
-------------------------------------------------------------------------------

------------------------------------------------------------------- param -----
param set type='array<string,string>' key='Iron/Models/interactions' index='<111>+Gas' value='true'
-------------------------------------------------------------------------------

------------------------------------------------------------------- param -----
param set type='array<string,string>' key='Iron/Models/interactions' index='V<100>+Gas' value='true'
-------------------------------------------------------------------------------

------------------------------------------------------------------- param -----
param set type='array<string,string>' key='Iron/Models/interactions' index='C+Gas' value='false'
-------------------------------------------------------------------------------

------------------------------------------------------------------- param -----
param set type='array<string,string>' key='Iron/Models/interactions' index='V+V' value='VCluster,1.'
-------------------------------------------------------------------------------

------------------------------------------------------------------- param -----
param set type='array<string,string>' key='Iron/Models/interactions' index='ICluster+V<100>' value='true'
-------------------------------------------------------------------------------

------------------------------------------------------------------- param -----
param set type='array<string,string>' key='Iron/Models/interactions' index='VCluster+V<100>' value='true'
-------------------------------------------------------------------------------

------------------------------------------------------------------- param -----
param set type='array<string,string>' key='Iron/Models/interactions' index='V<100>:V*+V' value='true'
-------------------------------------------------------------------------------

------------------------------------------------------------------- param -----
param set type='array<string,string>' key='Iron/Models/interactions' index='V<100>:V*+I' value='true'
-------------------------------------------------------------------------------

------------------------------------------------------------------- param -----
param set type='array<string,string>' key='Iron/Models/interactions' index='<100>+<111>' value='true'
-------------------------------------------------------------------------------

------------------------------------------------------------------- param -----
param set type='array<string,string>' key='Iron/Models/interactions' index='<111>+<111>' value='true'
-------------------------------------------------------------------------------

------------------------------------------------------------------- param -----
param set type='array<string,string>' key='Iron/Models/interactions' index='<100>+<100>' value='true'
-------------------------------------------------------------------------------

------------------------------------------------------------------- param -----
param set type='array<string,string>' key='Iron/Models/interactions' index='C+I' value='false'
-------------------------------------------------------------------------------

------------------------------------------------------------------- param -----
param set type='array<string,string>' key='Iron/Models/interactions' index='C+V' value='true'
-------------------------------------------------------------------------------

------------------------------------------------------------------- param -----
param set type='array<string,string>' key='Iron/Models/interactions' index='CI+V' value='false'
-------------------------------------------------------------------------------

------------------------------------------------------------------- param -----
param set type='array<string,string>' key='Iron/Models/interactions' index='CV+Gas' value='true'
-------------------------------------------------------------------------------

------------------------------------------------------------------- param -----
param set type='array<string,string>' key='Iron/Models/interactions' index='CI+Gas' value='false'
-------------------------------------------------------------------------------

------------------------------------------------------------------- param -----
param set type='array<string,string>' key='Iron/Models/interactions' index='I+I' value='ICluster,1.'
-------------------------------------------------------------------------------

------------------------------------------------------------------- param -----
param set type='array<string,string>' key='Iron/Models/interactions' index='I+V' value='0,0.9471'
-------------------------------------------------------------------------------

------------------------------------------------------------------- param -----
param set type='array<string,string>' key='Iron/Models/interactions' index='V+V' value='VCluster,1.'
-------------------------------------------------------------------------------

------------------------------------------------------------------- param -----
param set type='array<string,string>' key='Iron/Models/interactions' index='CV+I' value='true'
-------------------------------------------------------------------------------

------------------------------------------------------------------- param -----
param set type='array<string,string>' key='Iron/Models/interactions' index='CV+V' value='VCluster,1.'
-------------------------------------------------------------------------------

------------------------------------------------------------------- param -----
param set type='array<string,string>' key='Iron/Models/interactions' index='CV+C' value='VCluster,1.'
-------------------------------------------------------------------------------

------------------------------------------------------------------- param -----
param set type='array<string,string>' key='Iron/Models/interactions' index='CV+CV' value='VCluster,1.'
-------------------------------------------------------------------------------

------------------------------------------------------------------- param -----
param set type='array<string,string>' key='Iron/Models/interactions' index='Cr+I' value='true'
-------------------------------------------------------------------------------

------------------------------------------------------------------- param -----
param set type='array<string,string>' key='Iron/Models/interactions' index='Cr+V' value='true'
-------------------------------------------------------------------------------

------------------------------------------------------------------- param -----
param set type='array<string,string>' key='Iron/Models/interactions' index='VCluster:V*+C' value='true'
-------------------------------------------------------------------------------

------------------------------------------------------------------- param -----
param set type='array<string,string>' key='Iron/Models/interactions' index='ICluster:I*+C' value='false'
-------------------------------------------------------------------------------

------------------------------------------------------------------- param -----
param set type='array<string,string>' key='Iron/Models/interactions' index='<100>:I*+C' value='true'
-------------------------------------------------------------------------------

------------------------------------------------------------------- param -----
param set type='array<string,string>' key='Iron/Models/interactions' index='<100>:I*+CV' value='true'
-------------------------------------------------------------------------------

------------------------------------------------------------------- param -----
param set type='array<string,string>' key='Iron/Models/interactions' index='<111>:I*+C' value='true'
-------------------------------------------------------------------------------

------------------------------------------------------------------- param -----
param set type='array<string,string>' key='Iron/Models/interactions' index='<111>:I*+CV' value='true'
-------------------------------------------------------------------------------

------------------------------------------------------------------- param -----
param set type='array<string,string>' key='Iron/Models/interactions' index='<100>:I*+V' value='true,0.9471'
-------------------------------------------------------------------------------

------------------------------------------------------------------- param -----
param set type='array<string,string>' key='Iron/Models/interactions' index='<100>:I*+I' value='true,0.9471'
-------------------------------------------------------------------------------

------------------------------------------------------------------- param -----
param set type='array<string,string>' key='Iron/Models/interactions' index='<100>+ICluster' value='true,0.9471'
-------------------------------------------------------------------------------

------------------------------------------------------------------- param -----
param set type='array<string,string>' key='Iron/Models/interactions' index='<100>+VCluster' value='true,0.9471'
-------------------------------------------------------------------------------

------------------------------------------------------------------- param -----
param set type='array<string,string>' key='Iron/Models/interactions' index='<111>:I*+V' value='true,0.9471'
-------------------------------------------------------------------------------

------------------------------------------------------------------- param -----
param set type='array<string,string>' key='Iron/Models/interactions' index='<111>:I*+I' value='true,0.9471'
-------------------------------------------------------------------------------

------------------------------------------------------------------- param -----
param set type='array<string,string>' key='Iron/Models/interactions' index='<111>+ICluster' value='true,0.9471'
-------------------------------------------------------------------------------

------------------------------------------------------------------- param -----
param set type='array<string,string>' key='Iron/Models/interactions' index='<111>+VCluster' value='true,0.9471'
-------------------------------------------------------------------------------

------------------------------------------------------------------- param -----
param set type='array<string,string>' key='Iron/Models/interactions' index='ICluster:I*+V' value='true,0.9471'
-------------------------------------------------------------------------------

------------------------------------------------------------------- param -----
param set type='array<string,string>' key='Iron/Models/interactions' index='ICluster:I*+I' value='true,0.9471'
-------------------------------------------------------------------------------

------------------------------------------------------------------- param -----
param set type='array<string,string>' key='Iron/Models/interactions' index='ICluster+ICluster' value='true,0.9471'
-------------------------------------------------------------------------------

------------------------------------------------------------------- param -----
param set type='array<string,string>' key='Iron/Models/interactions' index='ICluster+VCluster' value='true,0.9471'
-------------------------------------------------------------------------------

------------------------------------------------------------------- param -----
param set type='array<string,string>' key='Iron/Models/interactions' index='VCluster:V*+V' value='true,0.9471'
-------------------------------------------------------------------------------

------------------------------------------------------------------- param -----
param set type='array<string,string>' key='Iron/Models/interactions' index='VCluster:V*+I' value='true,0.9471'
-------------------------------------------------------------------------------

------------------------------------------------------------------- param -----
param set type='array<string,string>' key='Iron/Models/interactions' index='VCluster+VCluster' value='true,0.9471'
-------------------------------------------------------------------------------

------------------------------------------------------------------- param -----
param set type='array<string,string>' key='Iron/Models/interactions' index='<111>:C*I*+C' value='true'
-------------------------------------------------------------------------------

------------------------------------------------------------------- param -----
param set type='array<string,string>' key='Iron/Models/interactions' index='<111>:C*I*+I' value='true'
-------------------------------------------------------------------------------

------------------------------------------------------------------- param -----
param set type='array<string,string>' key='Iron/Models/interactions' index='<111>:C*I*+V' value='true'
-------------------------------------------------------------------------------

------------------------------------------------------------------- param -----
param set type='array<string,string>' key='Iron/Models/interactions' index='<111>:C*I*+CV' value='true'
-------------------------------------------------------------------------------

------------------------------------------------------------------- param -----
param set type='array<string,string>' key='Iron/Models/interactions' index='<100>:C*I*+C' value='true'
-------------------------------------------------------------------------------

------------------------------------------------------------------- param -----
param set type='array<string,string>' key='Iron/Models/interactions' index='<100>:C*I*+I' value='true'
-------------------------------------------------------------------------------

------------------------------------------------------------------- param -----
param set type='array<string,string>' key='Iron/Models/interactions' index='<100>:C*I*+V' value='true'
-------------------------------------------------------------------------------

------------------------------------------------------------------- param -----
param set type='array<string,string>' key='Iron/Models/interactions' index='<100>:C*I*+CV' value='true'
-------------------------------------------------------------------------------

------------------------------------------------------------------- param -----
param set type='array<string,string>' key='Iron/Models/interactions' index='VCluster:C2V+C' value='true'
-------------------------------------------------------------------------------

------------------------------------------------------------------- param -----
param set type='array<string,string>' key='Iron/Models/interactions' index='VCluster:C2V+I' value='false'
-------------------------------------------------------------------------------

------------------------------------------------------------------- param -----
param set type='array<string,string>' key='Iron/Models/interactions' index='VCluster:C2V+V' value='true'
-------------------------------------------------------------------------------

------------------------------------------------------------------- param -----
param set type='array<string,string>' key='Iron/Models/interactions' index='VCluster:C2V+CV' value='true'
-------------------------------------------------------------------------------

------------------------------------------------------------------- param -----
param set type='array<string,string>' key='Iron/Models/interactions' index='VCluster:C3V+C' value='false'
-------------------------------------------------------------------------------

------------------------------------------------------------------- param -----
param set type='array<string,string>' key='Iron/Models/interactions' index='VCluster:C3V+I' value='false'
-------------------------------------------------------------------------------

------------------------------------------------------------------- param -----
param set type='array<string,string>' key='Iron/Models/interactions' index='VCluster:C3V+V' value='true'
-------------------------------------------------------------------------------

------------------------------------------------------------------- param -----
param set type='array<string,string>' key='Iron/Models/interactions' index='VCluster:C3V+CV' value='true'
-------------------------------------------------------------------------------

------------------------------------------------------------------- param -----
param set type='array<string>' key='Iron/Models/interaction.result' value=' 
	 (...)'
-------------------------------------------------------------------------------

------------------------------------------------------------------- param -----
param set type='arrhenius' key='Iron/Chromium/Cr(migration)' value='0 5'
-------------------------------------------------------------------------------

------------------------------------------------------------------- param -----
param set type='arrhenius' key='Iron/Chromium/Cr(formation)' value='1 0'
-------------------------------------------------------------------------------

------------------------------------------------------------------- param -----
param set type='arrhenius' key='Iron/Chromium/CrI(migration)' value='0.80e-4 0.217'
-------------------------------------------------------------------------------

------------------------------------------------------------------- param -----
param set type='arrhenius' key='Iron/Chromium/CrI(formation)' value='0% 10 3.70 100% 10 5.58'
-------------------------------------------------------------------------------

------------------------------------------------------------------- param -----
param set type='arrhenius' key='Iron/Chromium/CrV(migration)' value='0.80e-3 0.65'
-------------------------------------------------------------------------------

------------------------------------------------------------------- param -----
param set type='arrhenius' key='Iron/Chromium/CrV(formation)' value='0% 20 2.12 100% 20 2.55'
-------------------------------------------------------------------------------

------------------------------------------------------------------- param -----
param set type='arrhenius' key='Iron/Carbon/C(migration)' value='1.44e-3 0.91'
-------------------------------------------------------------------------------

------------------------------------------------------------------- param -----
param set type='arrhenius' key='Iron/Carbon/C(formation)' value='1 0'
-------------------------------------------------------------------------------

------------------------------------------------------------------- param -----
param set type='arrhenius' key='Iron/Carbon/CV(migration)' value='0 5'
-------------------------------------------------------------------------------

------------------------------------------------------------------- param -----
param set type='arrhenius' key='Iron/Carbon/CV(formation)' value='1e-3 1.4'
-------------------------------------------------------------------------------

------------------------------------------------------------------- param -----
param set type='map<string,float>' key='Gas_Iron/Carbon/desorption.high' value=' C 0 '
-------------------------------------------------------------------------------

------------------------------------------------------------------- param -----
param set type='map<string,float>' key='Gas_Iron/Carbon/barrier.right' value=' C 0 '
-------------------------------------------------------------------------------

------------------------------------------------------------------- param -----
param set type='arrhenius' key='Iron/Iron/(migration)' value='0 5'
-------------------------------------------------------------------------------

------------------------------------------------------------------- param -----
param set type='arrhenius' key='Iron/Iron/(formation)' value='1 10'
-------------------------------------------------------------------------------

------------------------------------------------------------------- param -----
param set type='arrhenius' key='Iron/Iron/I(migration)' value='0% 1.107e-2 0.30 100% 1.107e-2 0.23'
-------------------------------------------------------------------------------

------------------------------------------------------------------- param -----
param set type='arrhenius' key='Iron/Iron/I(formation)' value='0% 1.0e25 3.64 100% 1.0e25 5.66'
-------------------------------------------------------------------------------

------------------------------------------------------------------- param -----
param set type='float' key='Iron/Iron/correlation.factor' value='1'
-------------------------------------------------------------------------------

------------------------------------------------------------------- param -----
param set type='arrhenius' key='Iron/Iron/alpha' value='5 0.1'
-------------------------------------------------------------------------------

------------------------------------------------------------------- param -----
param set type='arrhenius' key='Iron/Vacancy/V(migration)' value='0% 1.373e-3 0.60 100% 1.373e-3 0.55'
-------------------------------------------------------------------------------

------------------------------------------------------------------- param -----
param set type='arrhenius' key='Iron/Vacancy/V(formation)' value='0% 5.10e24 2.00 100% 5.1e24 2.61'
-------------------------------------------------------------------------------

------------------------------------------------------------------- param -----
param set type='float' key='Iron/Vacancy/correlation.factor' value='0.727'
-------------------------------------------------------------------------------

------------------------------------------------------------------- param -----
param set type='arrhenius' key='Iron/Vacancy/alpha' value='5 0.1'
-------------------------------------------------------------------------------

------------------------------------------------------------------- param -----
param set type='string' key='Iron/ICluster/shape' value='irregular'
-------------------------------------------------------------------------------

------------------------------------------------------------------- param -----
param set type='float' key='Iron/ICluster/density.cm3' value='8.46e22'
-------------------------------------------------------------------------------

------------------------------------------------------------------- param -----
param set type='string' key='Iron/ICluster/migration.type' value='3d'
-------------------------------------------------------------------------------

------------------------------------------------------------------- param -----
param set type='coordinates' key='Iron/ICluster/axis.1' value=' 0 1 0 '
-------------------------------------------------------------------------------

------------------------------------------------------------------- param -----
param set type='coordinates' key='Iron/ICluster/axis.0' value=' 0 0 1 '
-------------------------------------------------------------------------------

------------------------------------------------------------------- param -----
param set type='coordinates' key='Iron/ICluster/not.in.plane' value=' 0 0 0 '
-------------------------------------------------------------------------------

------------------------------------------------------------------- param -----
param set type='float' key='Iron/ICluster/axes.ratio' value='1'
-------------------------------------------------------------------------------

------------------------------------------------------------------- param -----
param set type='bool' key='Iron/ICluster/IV.model' value='false'
-------------------------------------------------------------------------------

------------------------------------------------------------------- param -----
param set type='bool' key='Iron/ICluster/percolation' value='true'
-------------------------------------------------------------------------------

------------------------------------------------------------------- param -----
param set type='float' key='Iron/ICluster/lambda' value='0.287'
-------------------------------------------------------------------------------

------------------------------------------------------------------- param -----
param set type='string' key='Iron/ICluster/to' value='<100>'
-------------------------------------------------------------------------------

------------------------------------------------------------------- param -----
param set type='string' key='Iron/ICluster/from' value='<111>'
-------------------------------------------------------------------------------

------------------------------------------------------------------- param -----
param set type='proc' key='Iron/ICluster/migration' value='  s (...)'
-------------------------------------------------------------------------------

------------------------------------------------------------------- param -----
param set type='proc' key='Iron/ICluster/transform.to' value='    (...)'
-------------------------------------------------------------------------------

------------------------------------------------------------------- param -----
param set type='proc' key='Iron/ICluster/transform.from' value='  s (...)'
-------------------------------------------------------------------------------

------------------------------------------------------------------- param -----
param set type='proc' key='Iron/ICluster/formation' value='  s (...)'
-------------------------------------------------------------------------------

------------------------------------------------------------------- param -----
param set type='proc' key='Iron/ICluster/prefactor' value='  s (...)'
-------------------------------------------------------------------------------

------------------------------------------------------------------- param -----
param set type='string' key='Iron/<111>/shape' value='disk'
-------------------------------------------------------------------------------

------------------------------------------------------------------- param -----
param set type='float' key='Iron/<111>/density.cm2' value='1.95e15'
-------------------------------------------------------------------------------

------------------------------------------------------------------- param -----
param set type='string' key='Iron/<111>/migration.type' value='perpendicular'
-------------------------------------------------------------------------------

------------------------------------------------------------------- param -----
param set type='coordinates' key='Iron/<111>/axis.1' value=' 0 -1 1 '
-------------------------------------------------------------------------------

------------------------------------------------------------------- param -----
param set type='coordinates' key='Iron/<111>/axis.0' value=' 2 -1 -1 '
-------------------------------------------------------------------------------

------------------------------------------------------------------- param -----
param set type='coordinates' key='Iron/<111>/not.in.plane' value=' 0 0 0 '
-------------------------------------------------------------------------------

------------------------------------------------------------------- param -----
param set type='float' key='Iron/<111>/axes.ratio' value='1'
-------------------------------------------------------------------------------

------------------------------------------------------------------- param -----
param set type='bool' key='Iron/<111>/IV.model' value='false'
-------------------------------------------------------------------------------

------------------------------------------------------------------- param -----
param set type='bool' key='Iron/<111>/percolation' value='true'
-------------------------------------------------------------------------------

------------------------------------------------------------------- param -----
param set type='float' key='Iron/<111>/lambda' value='0.287'
-------------------------------------------------------------------------------

------------------------------------------------------------------- param -----
param set type='string' key='Iron/<111>/to' value='<111>'
-------------------------------------------------------------------------------

------------------------------------------------------------------- param -----
param set type='string' key='Iron/<111>/from' value='ICluster'
-------------------------------------------------------------------------------

------------------------------------------------------------------- param -----
param set type='proc' key='Iron/<111>/migration' value='  s (...)'
-------------------------------------------------------------------------------

------------------------------------------------------------------- param -----
param set type='proc' key='Iron/<111>/formation' value='  s (...)'
-------------------------------------------------------------------------------

------------------------------------------------------------------- param -----
param set type='proc' key='Iron/<111>/prefactor' value='    (...)'
-------------------------------------------------------------------------------

------------------------------------------------------------------- param -----
param set type='string' key='Iron/<100>/shape' value='disk'
-------------------------------------------------------------------------------

------------------------------------------------------------------- param -----
param set type='float' key='Iron/<100>/density.cm2' value='1.92e15'
-------------------------------------------------------------------------------

------------------------------------------------------------------- param -----
param set type='string' key='Iron/<100>/migration.type' value='perpendicular'
-------------------------------------------------------------------------------

------------------------------------------------------------------- param -----
param set type='coordinates' key='Iron/<100>/axis.1' value=' 0 1 0 '
-------------------------------------------------------------------------------

------------------------------------------------------------------- param -----
param set type='coordinates' key='Iron/<100>/axis.0' value=' 0 0 1 '
-------------------------------------------------------------------------------

------------------------------------------------------------------- param -----
param set type='coordinates' key='Iron/<100>/not.in.plane' value=' 0 0 0 '
-------------------------------------------------------------------------------

------------------------------------------------------------------- param -----
param set type='float' key='Iron/<100>/axes.ratio' value='1'
-------------------------------------------------------------------------------

------------------------------------------------------------------- param -----
param set type='bool' key='Iron/<100>/IV.model' value='false'
-------------------------------------------------------------------------------

------------------------------------------------------------------- param -----
param set type='bool' key='Iron/<100>/percolation' value='true'
-------------------------------------------------------------------------------

------------------------------------------------------------------- param -----
param set type='float' key='Iron/<100>/lambda' value='0.287'
-------------------------------------------------------------------------------

------------------------------------------------------------------- param -----
param set type='string' key='Iron/<100>/from' value='ICluster'
-------------------------------------------------------------------------------

------------------------------------------------------------------- param -----
param set type='proc' key='Iron/<100>/migration' value='    (...)'
-------------------------------------------------------------------------------

------------------------------------------------------------------- param -----
param set type='proc' key='Iron/<100>/transform.from' value='    (...)'
-------------------------------------------------------------------------------

------------------------------------------------------------------- param -----
param set type='proc' key='Iron/<100>/formation' value='    (...)'
-------------------------------------------------------------------------------

------------------------------------------------------------------- param -----
param set type='proc' key='Iron/<100>/prefactor' value='    (...)'
-------------------------------------------------------------------------------

------------------------------------------------------------------- param -----
param set type='string' key='Iron/VCluster/shape' value='void'
-------------------------------------------------------------------------------

------------------------------------------------------------------- param -----
param set type='float' key='Iron/VCluster/density.cm3' value='8.46e22'
-------------------------------------------------------------------------------

------------------------------------------------------------------- param -----
param set type='string' key='Iron/VCluster/migration.type' value='3d'
-------------------------------------------------------------------------------

------------------------------------------------------------------- param -----
param set type='coordinates' key='Iron/VCluster/axis.1' value=' 0 1 0 '
-------------------------------------------------------------------------------

------------------------------------------------------------------- param -----
param set type='coordinates' key='Iron/VCluster/axis.0' value=' 0 0 1 '
-------------------------------------------------------------------------------

------------------------------------------------------------------- param -----
param set type='coordinates' key='Iron/VCluster/not.in.plane' value=' 0 0 0 '
-------------------------------------------------------------------------------

------------------------------------------------------------------- param -----
param set type='float' key='Iron/VCluster/axes.ratio' value='1'
-------------------------------------------------------------------------------

------------------------------------------------------------------- param -----
param set type='bool' key='Iron/VCluster/IV.model' value='false'
-------------------------------------------------------------------------------

------------------------------------------------------------------- param -----
param set type='bool' key='Iron/VCluster/percolation' value='true'
-------------------------------------------------------------------------------

------------------------------------------------------------------- param -----
param set type='float' key='Iron/VCluster/lambda' value='0.287'
-------------------------------------------------------------------------------

------------------------------------------------------------------- param -----
param set type='proc' key='Iron/VCluster/formation' value='    (...)'
-------------------------------------------------------------------------------

------------------------------------------------------------------- param -----
param set type='proc' key='Iron/VCluster/prefactor' value='    (...)'
-------------------------------------------------------------------------------

------------------------------------------------------------------- param -----
param set type='proc' key='Iron/VCluster/migration' value=' 
	 (...)'
-------------------------------------------------------------------------------

------------------------------------------------------------------- param -----
param set type='string' key='Iron/V<100>/shape' value='disk'
-------------------------------------------------------------------------------

------------------------------------------------------------------- param -----
param set type='float' key='Iron/V<100>/density.cm2' value='0.83e15'
-------------------------------------------------------------------------------

------------------------------------------------------------------- param -----
param set type='string' key='Iron/V<100>/migration.type' value='perpendicular'
-------------------------------------------------------------------------------

------------------------------------------------------------------- param -----
param set type='coordinates' key='Iron/V<100>/axis.1' value=' 0 1 0 '
-------------------------------------------------------------------------------

------------------------------------------------------------------- param -----
param set type='coordinates' key='Iron/V<100>/axis.0' value=' 0 0 1 '
-------------------------------------------------------------------------------

------------------------------------------------------------------- param -----
param set type='coordinates' key='Iron/V<100>/not.in.plane' value=' 1 0 0 '
-------------------------------------------------------------------------------

------------------------------------------------------------------- param -----
param set type='float' key='Iron/V<100>/axes.ratio' value='1'
-------------------------------------------------------------------------------

------------------------------------------------------------------- param -----
param set type='bool' key='Iron/V<100>/IV.model' value='false'
-------------------------------------------------------------------------------

------------------------------------------------------------------- param -----
param set type='bool' key='Iron/V<100>/percolation' value='true'
-------------------------------------------------------------------------------

------------------------------------------------------------------- param -----
param set type='float' key='Iron/V<100>/lambda' value='0.287'
-------------------------------------------------------------------------------

------------------------------------------------------------------- param -----
param set type='string' key='Iron/V<100>/to' value='VCluster'
-------------------------------------------------------------------------------

------------------------------------------------------------------- param -----
param set type='string' key='Iron/V<100>/from' value='V<100>'
-------------------------------------------------------------------------------

------------------------------------------------------------------- param -----
param set type='proc' key='Iron/V<100>/migration' value=' 
  (...)'
-------------------------------------------------------------------------------

------------------------------------------------------------------- param -----
param set type='proc' key='Iron/V<100>/formation' value=' 
	 (...)'
-------------------------------------------------------------------------------

------------------------------------------------------------------- param -----
param set type='proc' key='Iron/V<100>/prefactor' value=' 
	 (...)'
-------------------------------------------------------------------------------

------------------------------------------------------------------- param -----
param set type='bool' key='MC/Mesh/speed.up' value='false'
-------------------------------------------------------------------------------

------------------------------------------------------------------- param -----
param set type='bool' key='Iron/Models/self.diffusion' value='true'
-------------------------------------------------------------------------------

------------------------------------------------------------------- param -----
param set type='float' key='Iron/Models/smoothing.factor' value='1'
-------------------------------------------------------------------------------

------------------------------------------------------------------- param -----
param set type='float' key='Iron/Models/alloy.second.neighbor.contribution' value='0.5'
-------------------------------------------------------------------------------

------------------------------------------------------------------- param -----
param get type='float' key='MC/Mesh/spacing.x'
-------------------------------------------------------------------------------

------------------------------------------------------------------- param -----
param get type='float' key='MC/Mesh/spacing.y'
-------------------------------------------------------------------------------

------------------------------------------------------------------- param -----
param get type='float' key='MC/Mesh/spacing.z'
-------------------------------------------------------------------------------

------------------------------------------------------------------- param -----
param get type='float' key='Iron/Models/atomic.density'
-------------------------------------------------------------------------------

------------------------------------------------------------------- param -----
param set type='float' key='Iron/Models/lambda' value='0.287'
-------------------------------------------------------------------------------

------------------------------------------------------------------- param -----
param set type='int' key='MC/General/random.seed' value='123555'
-------------------------------------------------------------------------------

------------------------------------------------------------------- param -----
param set type='map<string,string>' key='MC/General/materials' value='Iron Fe Gas Gas'
-------------------------------------------------------------------------------

------------------------------------------------------------------- param -----
param set type='bool' key='MC/Mesh/periodic.x' value='true'
-------------------------------------------------------------------------------

------------------------------------------------------------------- param -----
param set type='bool' key='MC/Mesh/periodic.y' value='true'
-------------------------------------------------------------------------------

------------------------------------------------------------------- param -----
param set type='bool' key='MC/Mesh/periodic.z' value='true'
-------------------------------------------------------------------------------

-------------------------------------------------------------------- init -----
init minx='-73.00679966496614' miny='-73.00679966496614' minz='-73.00679966496614' maxx='73.00679966496614' maxy='73.00679966496614' maxz='73.00679966496614' material='material'
-------------------------------------------------------------------------------

Melt radius for Gas not found. Set to zero instead.
Reading defects: Gas() Iron(<100> <111> HeCluster ICluster V<100> VCluster ) 
     X: (-73.0068 - 73.0068) nm. 97 elements. Delta = 1.50529 nm.
     Y: (-73.0068 - 73.0068) nm. 97 elements. Delta = 1.50529 nm.
     Z: (-73.0068 - 73.0068) nm. 97 elements. Delta = 1.50529 nm.
Total 912673 elements
Loading Particle To Node handler
Building nodes... Done
0 -> Gas
1 -> Iron
1111111111111111111111111111111111111111111111111111111111111111111111111111111111111111111111111 -                                                                                                    -73.0068:-71.5015
1111111111111111111111111111111111111111111111111111111111111111111111111111111111111111111111111 -                                                                                                    71.5015:73.0068
Starting clusters:  Gas() Iron(<100> <111> HeCluster ICluster V<100> VCluster )
Interfacing...
Checking SPER... 0/0 atoms. Done.
----------------------------------------------------------------- cascade -----
cascade file='out.xyz' format='A:B/10:C/10:D/10' periodic fluence='4690437858.1089325' flux='0' do.not.react do.not.shift
-------------------------------------------------------------------------------

Trying 1 cascades for domain 0
1 cascades detected. Format detected is '# New cascade' tag.
Created Iron,I(110) Iron,V(110) 
-------------------------------------------------------------------- save -----
save lammps='evolution' scale='10'
-------------------------------------------------------------------------------

Writing 220 atoms in evolution.dump done!.
------------------------------------------------------------------ anneal -----
anneal temp='26.850000000000023' time='1e-4'
-------------------------------------------------------------------------------

Annealing the sample for 0.0001 seconds at 300K (26.85ºC)
-------------------------------------------------------------------- save -----
save lammps='evolution' scale='10' append
-------------------------------------------------------------------------------

Writing 144 atoms in evolution.dump done!.
 27C    1e-05s      107441  10.00%    1.1e+10 s^-1    4476 ev/s 2665 Mb
-------------------------------------------------------------------- save -----
save lammps='evolution' scale='10' append
-------------------------------------------------------------------------------

Writing 140 atoms in evolution.dump done!.
 27C  1.1e-05s      116447  11.00%    9.0e+09 s^-1 2665 Mb
-------------------------------------------------------------------- save -----
save lammps='evolution' scale='10' append
-------------------------------------------------------------------------------

Writing 140 atoms in evolution.dump done!.
 27C    2e-05s      191583  20.00%    8.3e+09 s^-1 2665 Mb
-------------------------------------------------------------------- save -----
save lammps='evolution' scale='10' append
-------------------------------------------------------------------------------

Writing 140 atoms in evolution.dump done!.
 27C    3e-05s      274948  30.00%    8.3e+09 s^-1 2665 Mb
-------------------------------------------------------------------- save -----
save lammps='evolution' scale='10' append
-------------------------------------------------------------------------------

Writing 114 atoms in evolution.dump done!.
 27C    4e-05s      358888  40.00%    8.4e+09 s^-1 2665 Mb
-------------------------------------------------------------------- save -----
save lammps='evolution' scale='10' append
-------------------------------------------------------------------------------

Writing 112 atoms in evolution.dump done!.
 27C    5e-05s      432358  50.00%    7.3e+09 s^-1   73470 ev/s 2665 Mb
-------------------------------------------------------------------- save -----
save lammps='evolution' scale='10' append
-------------------------------------------------------------------------------

Writing 106 atoms in evolution.dump done!.
 27C    6e-05s      503728  60.00%    7.1e+09 s^-1 2665 Mb
-------------------------------------------------------------------- save -----
save lammps='evolution' scale='10' append
-------------------------------------------------------------------------------

Writing 106 atoms in evolution.dump done!.
 27C    7e-05s      575967  70.00%    7.2e+09 s^-1 2665 Mb
-------------------------------------------------------------------- save -----
save lammps='evolution' scale='10' append
-------------------------------------------------------------------------------

Writing 106 atoms in evolution.dump done!.
 27C    8e-05s      647923  80.00%    7.2e+09 s^-1 2665 Mb
-------------------------------------------------------------------- save -----
save lammps='evolution' scale='10' append
-------------------------------------------------------------------------------

Writing 106 atoms in evolution.dump done!.
 27C    9e-05s      719773  90.00%    7.2e+09 s^-1 2665 Mb
0 -> Gas
1 -> Iron
1111111111111111111111111111111111111111111111111111111111111111111111111111111111111111111111111 -                                                                                                    -73.0068:-71.5015
1111111111111111111111111111111111111111111111111111111111111111111111111111111111111111111111111 -                                                                                                    71.5015:73.0068
----------------------------- Defect logfile --------------
---------------------------------------      Iron --------
<111>/I14                            1
<111>/I17                            1
ICluster/I3                          1
ICluster/I4                          2
MobileParticle/I                     3
MobileParticle/V                    45
----------------- Event Log --------------
 ----------------------------------------Gas                    Cascade
Type                Cascades
Cascade                    1

 ----------------------------------------Iron            MobileParticle
Type                 migrate   break 0   break 1    emit I    emit V     state  long hop  rejected
V                          3
I                     257399

 ----------------------------------------Iron                   Cluster
Type                   Mig      To    From     Rec Emissions  
<111>/I10                8                         
<111>/I11          1.2e+03                         
<111>/I12          4.2e+04                         
<111>/I13          1.1e+05                         
<111>/I14          1.5e+05                         
<111>/I15               80                         
<111>/I16          1.9e+05                         
<111>/I17          1.7e+04                         
<111>/I18          1.4e+03                         
<111>/I4                                10         
<111>/I5           1.9e+03                         9(I) 
<111>/I6                14                         48(I) 
<111>/I7           1.1e+03                         
<111>/I9                 3                         
ICluster/I2             83                         
ICluster/I3        5.2e+02                         
ICluster/I4        1.7e+03                         
ICluster/I5                              7         
ICluster/I7                              1         
ICluster/I9                              4         

----------------- Reaction Log --------------
 ----------------------------------------Iron            MobileParticle
MobileParticle V+V                   1 V+I                  31
MobileParticle I+I                  12

 ----------------------------------------Iron                   Cluster
Cluster    <111>+V              21 <111>+I              67
Cluster    ICluster+V            7 ICluster+I           46 ICluster+<111>        3
Cluster    VCluster+V            4 VCluster+<111>        1

Time spent: 29s. Annealing: 1s.
There are 16 total sentences. Collect them all!
¡Hasta la vista!
