#   #        #   #  ###  #   #      ###  ###    
## ##        ## ## #   # ##  #     #    #   #      Modular
# # #        # # # #   # # # #     #    #####        MC  
#   #        #   # #   # #  ##     #    #   #      Simulator
#   # odular #   #  ###  #   # te   ### #   # rlo 
Version: 2.0.16
Compiled on Jul 30 2025 14:32:21 for x86_64-Linux
for #1 SMP PREEMPT_DYNAMIC Mon Jul 28 14:03:00 EDT 2025
        Contact: imartin2@ucam.edu
        https://github.com/imartinbragado/MMonCa
OKMC: (C) 2011-2014  IMDEA Materials Institute.
OKMC: (C) 2015-2018  Ignacio Martin, Ignacio Dopico.
LKMC: (C) 2011-2014  IMDEA Materials Institute.
LKMC: (C) 2015-2018  Ignacio Martin, Ignacio Dopico
All:  (C) 2019-today Ignacio Martin. imartin2@ucam.edu
 For licensing details, write "license"
------------------------------------------------------------------- param -----
param set type='map<string,bool>' key='Iron/Models/particles' index='CI' value='false'
-------------------------------------------------------------------------------

------------------------------------------------------------------- param -----
param set type='map<string,bool>' key='Iron/Models/particles' index='C' value='true'
-------------------------------------------------------------------------------

------------------------------------------------------------------- param -----
param set type='map<string,bool>' key='Iron/Models/particles' index='CV' value='true'
-------------------------------------------------------------------------------

------------------------------------------------------------------- param -----
param set type='map<string,bool>' key='Iron/Models/particles' index='He' value='true'
-------------------------------------------------------------------------------

------------------------------------------------------------------- param -----
param set type='map<string,bool>' key='Iron/Models/particles' index='HeV' value='true'
-------------------------------------------------------------------------------

------------------------------------------------------------------- param -----
param set type='map<string,bool>' key='Iron/Models/particles' index='CrI' value='true'
-------------------------------------------------------------------------------

------------------------------------------------------------------- param -----
param set type='map<string,bool>' key='Iron/Models/particles' index='CrV' value='true'
-------------------------------------------------------------------------------

------------------------------------------------------------------- param -----
param set type='map<string,bool>' key='Iron/Models/particles' index='Cr' value='true'
-------------------------------------------------------------------------------

------------------------------------------------------------------- param -----
param set type='map<string,bool>' key='Iron/Models/defined' index='V<100>' value='true'
-------------------------------------------------------------------------------

------------------------------------------------------------------- param -----
param set type='map<string,bool>' key='Iron/Models/defined' index='HeCluster' value='true'
-------------------------------------------------------------------------------

------------------------------------------------------------------- param -----
param set type='array<string,string>' key='Iron/Models/interactions' index='VCluster+Gas' value='true'
-------------------------------------------------------------------------------

------------------------------------------------------------------- param -----
param set type='array<string,string>' key='Iron/Models/interactions' index='ICluster+Gas' value='true'
-------------------------------------------------------------------------------

------------------------------------------------------------------- param -----
param set type='array<string,string>' key='Iron/Models/interactions' index='<100>+Gas' value='true'
-------------------------------------------------------------------------------

------------------------------------------------------------------- param -----
param set type='array<string,string>' key='Iron/Models/interactions' index='<111>+Gas' value='true'
-------------------------------------------------------------------------------

------------------------------------------------------------------- param -----
param set type='array<string,string>' key='Iron/Models/interactions' index='V<100>+Gas' value='true'
-------------------------------------------------------------------------------

------------------------------------------------------------------- param -----
param set type='array<string,string>' key='Iron/Models/interactions' index='C+Gas' value='false'
-------------------------------------------------------------------------------

------------------------------------------------------------------- param -----
param set type='array<string,string>' key='Iron/Models/interactions' index='V+V' value='VCluster,1.'
-------------------------------------------------------------------------------

------------------------------------------------------------------- param -----
param set type='array<string,string>' key='Iron/Models/interactions' index='ICluster+V<100>' value='true'
-------------------------------------------------------------------------------

------------------------------------------------------------------- param -----
param set type='array<string,string>' key='Iron/Models/interactions' index='VCluster+V<100>' value='true'
-------------------------------------------------------------------------------

------------------------------------------------------------------- param -----
param set type='array<string,string>' key='Iron/Models/interactions' index='V<100>:V*+V' value='true'
-------------------------------------------------------------------------------

------------------------------------------------------------------- param -----
param set type='array<string,string>' key='Iron/Models/interactions' index='V<100>:V*+I' value='true'
-------------------------------------------------------------------------------

------------------------------------------------------------------- param -----
param set type='array<string,string>' key='Iron/Models/interactions' index='<100>+<111>' value='true'
-------------------------------------------------------------------------------

------------------------------------------------------------------- param -----
param set type='array<string,string>' key='Iron/Models/interactions' index='<111>+<111>' value='true'
-------------------------------------------------------------------------------

------------------------------------------------------------------- param -----
param set type='array<string,string>' key='Iron/Models/interactions' index='<100>+<100>' value='true'
-------------------------------------------------------------------------------

------------------------------------------------------------------- param -----
param set type='array<string,string>' key='Iron/Models/interactions' index='C+I' value='false'
-------------------------------------------------------------------------------

------------------------------------------------------------------- param -----
param set type='array<string,string>' key='Iron/Models/interactions' index='C+V' value='true'
-------------------------------------------------------------------------------

------------------------------------------------------------------- param -----
param set type='array<string,string>' key='Iron/Models/interactions' index='CI+V' value='false'
-------------------------------------------------------------------------------

------------------------------------------------------------------- param -----
param set type='array<string,string>' key='Iron/Models/interactions' index='CV+Gas' value='true'
-------------------------------------------------------------------------------

------------------------------------------------------------------- param -----
param set type='array<string,string>' key='Iron/Models/interactions' index='CI+Gas' value='false'
-------------------------------------------------------------------------------

------------------------------------------------------------------- param -----
param set type='array<string,string>' key='Iron/Models/interactions' index='I+I' value='ICluster,1.'
-------------------------------------------------------------------------------

------------------------------------------------------------------- param -----
param set type='array<string,string>' key='Iron/Models/interactions' index='I+V' value='0,0.9471'
-------------------------------------------------------------------------------

------------------------------------------------------------------- param -----
param set type='array<string,string>' key='Iron/Models/interactions' index='V+V' value='VCluster,1.'
-------------------------------------------------------------------------------

------------------------------------------------------------------- param -----
param set type='array<string,string>' key='Iron/Models/interactions' index='CV+I' value='true'
-------------------------------------------------------------------------------

------------------------------------------------------------------- param -----
param set type='array<string,string>' key='Iron/Models/interactions' index='CV+V' value='VCluster,1.'
-------------------------------------------------------------------------------

------------------------------------------------------------------- param -----
param set type='array<string,string>' key='Iron/Models/interactions' index='CV+C' value='VCluster,1.'
-------------------------------------------------------------------------------

------------------------------------------------------------------- param -----
param set type='array<string,string>' key='Iron/Models/interactions' index='CV+CV' value='VCluster,1.'
-------------------------------------------------------------------------------

------------------------------------------------------------------- param -----
param set type='array<string,string>' key='Iron/Models/interactions' index='Cr+I' value='true'
-------------------------------------------------------------------------------

------------------------------------------------------------------- param -----
param set type='array<string,string>' key='Iron/Models/interactions' index='Cr+V' value='true'
-------------------------------------------------------------------------------

------------------------------------------------------------------- param -----
param set type='array<string,string>' key='Iron/Models/interactions' index='VCluster:V*+C' value='true'
-------------------------------------------------------------------------------

------------------------------------------------------------------- param -----
param set type='array<string,string>' key='Iron/Models/interactions' index='ICluster:I*+C' value='false'
-------------------------------------------------------------------------------

------------------------------------------------------------------- param -----
param set type='array<string,string>' key='Iron/Models/interactions' index='<100>:I*+C' value='true'
-------------------------------------------------------------------------------

------------------------------------------------------------------- param -----
param set type='array<string,string>' key='Iron/Models/interactions' index='<100>:I*+CV' value='true'
-------------------------------------------------------------------------------

------------------------------------------------------------------- param -----
param set type='array<string,string>' key='Iron/Models/interactions' index='<111>:I*+C' value='true'
-------------------------------------------------------------------------------

------------------------------------------------------------------- param -----
param set type='array<string,string>' key='Iron/Models/interactions' index='<111>:I*+CV' value='true'
-------------------------------------------------------------------------------

------------------------------------------------------------------- param -----
param set type='array<string,string>' key='Iron/Models/interactions' index='<100>:I*+V' value='true,0.9471'
-------------------------------------------------------------------------------

------------------------------------------------------------------- param -----
param set type='array<string,string>' key='Iron/Models/interactions' index='<100>:I*+I' value='true,0.9471'
-------------------------------------------------------------------------------

------------------------------------------------------------------- param -----
param set type='array<string,string>' key='Iron/Models/interactions' index='<100>+ICluster' value='true,0.9471'
-------------------------------------------------------------------------------

------------------------------------------------------------------- param -----
param set type='array<string,string>' key='Iron/Models/interactions' index='<100>+VCluster' value='true,0.9471'
-------------------------------------------------------------------------------

------------------------------------------------------------------- param -----
param set type='array<string,string>' key='Iron/Models/interactions' index='<111>:I*+V' value='true,0.9471'
-------------------------------------------------------------------------------

------------------------------------------------------------------- param -----
param set type='array<string,string>' key='Iron/Models/interactions' index='<111>:I*+I' value='true,0.9471'
-------------------------------------------------------------------------------

------------------------------------------------------------------- param -----
param set type='array<string,string>' key='Iron/Models/interactions' index='<111>+ICluster' value='true,0.9471'
-------------------------------------------------------------------------------

------------------------------------------------------------------- param -----
param set type='array<string,string>' key='Iron/Models/interactions' index='<111>+VCluster' value='true,0.9471'
-------------------------------------------------------------------------------

------------------------------------------------------------------- param -----
param set type='array<string,string>' key='Iron/Models/interactions' index='ICluster:I*+V' value='true,0.9471'
-------------------------------------------------------------------------------

------------------------------------------------------------------- param -----
param set type='array<string,string>' key='Iron/Models/interactions' index='ICluster:I*+I' value='true,0.9471'
-------------------------------------------------------------------------------

------------------------------------------------------------------- param -----
param set type='array<string,string>' key='Iron/Models/interactions' index='ICluster+ICluster' value='true,0.9471'
-------------------------------------------------------------------------------

------------------------------------------------------------------- param -----
param set type='array<string,string>' key='Iron/Models/interactions' index='ICluster+VCluster' value='true,0.9471'
-------------------------------------------------------------------------------

------------------------------------------------------------------- param -----
param set type='array<string,string>' key='Iron/Models/interactions' index='VCluster:V*+V' value='true,0.9471'
-------------------------------------------------------------------------------

------------------------------------------------------------------- param -----
param set type='array<string,string>' key='Iron/Models/interactions' index='VCluster:V*+I' value='true,0.9471'
-------------------------------------------------------------------------------

------------------------------------------------------------------- param -----
param set type='array<string,string>' key='Iron/Models/interactions' index='VCluster+VCluster' value='true,0.9471'
-------------------------------------------------------------------------------

------------------------------------------------------------------- param -----
param set type='array<string,string>' key='Iron/Models/interactions' index='<111>:C*I*+C' value='true'
-------------------------------------------------------------------------------

------------------------------------------------------------------- param -----
param set type='array<string,string>' key='Iron/Models/interactions' index='<111>:C*I*+I' value='true'
-------------------------------------------------------------------------------

------------------------------------------------------------------- param -----
param set type='array<string,string>' key='Iron/Models/interactions' index='<111>:C*I*+V' value='true'
-------------------------------------------------------------------------------

------------------------------------------------------------------- param -----
param set type='array<string,string>' key='Iron/Models/interactions' index='<111>:C*I*+CV' value='true'
-------------------------------------------------------------------------------

------------------------------------------------------------------- param -----
param set type='array<string,string>' key='Iron/Models/interactions' index='<100>:C*I*+C' value='true'
-------------------------------------------------------------------------------

------------------------------------------------------------------- param -----
param set type='array<string,string>' key='Iron/Models/interactions' index='<100>:C*I*+I' value='true'
-------------------------------------------------------------------------------

------------------------------------------------------------------- param -----
param set type='array<string,string>' key='Iron/Models/interactions' index='<100>:C*I*+V' value='true'
-------------------------------------------------------------------------------

------------------------------------------------------------------- param -----
param set type='array<string,string>' key='Iron/Models/interactions' index='<100>:C*I*+CV' value='true'
-------------------------------------------------------------------------------

------------------------------------------------------------------- param -----
param set type='array<string,string>' key='Iron/Models/interactions' index='VCluster:C2V+C' value='true'
-------------------------------------------------------------------------------

------------------------------------------------------------------- param -----
param set type='array<string,string>' key='Iron/Models/interactions' index='VCluster:C2V+I' value='false'
-------------------------------------------------------------------------------

------------------------------------------------------------------- param -----
param set type='array<string,string>' key='Iron/Models/interactions' index='VCluster:C2V+V' value='true'
-------------------------------------------------------------------------------

------------------------------------------------------------------- param -----
param set type='array<string,string>' key='Iron/Models/interactions' index='VCluster:C2V+CV' value='true'
-------------------------------------------------------------------------------

------------------------------------------------------------------- param -----
param set type='array<string,string>' key='Iron/Models/interactions' index='VCluster:C3V+C' value='false'
-------------------------------------------------------------------------------

------------------------------------------------------------------- param -----
param set type='array<string,string>' key='Iron/Models/interactions' index='VCluster:C3V+I' value='false'
-------------------------------------------------------------------------------

------------------------------------------------------------------- param -----
param set type='array<string,string>' key='Iron/Models/interactions' index='VCluster:C3V+V' value='true'
-------------------------------------------------------------------------------

------------------------------------------------------------------- param -----
param set type='array<string,string>' key='Iron/Models/interactions' index='VCluster:C3V+CV' value='true'
-------------------------------------------------------------------------------

------------------------------------------------------------------- param -----
param set type='array<string>' key='Iron/Models/interaction.result' value=' 
	 (...)'
-------------------------------------------------------------------------------

------------------------------------------------------------------- param -----
param set type='arrhenius' key='Iron/Chromium/Cr(migration)' value='0 5'
-------------------------------------------------------------------------------

FATAL error: 'Parameter arrhenius Iron/Chromium/Cr(migration) does not exist in database'
srun: error: pe91: task 0: Exited with exit code 1
srun: Terminating StepId=12458353.0
