#   #        #   #  ###  #   #      ###  ###    
## ##        ## ## #   # ##  #     #    #   #      Modular
# # #        # # # #   # # # #     #    #####        MC  
#   #        #   # #   # #  ##     #    #   #      Simulator
#   # odular #   #  ###  #   # te   ### #   # rlo 
Version: 2.0.16
Compiled on Jul 30 2025 14:32:21 for x86_64-Linux
for #1 SMP PREEMPT_DYNAMIC Mon Jul 28 14:03:00 EDT 2025
        Contact: imartin2@ucam.edu
        https://github.com/imartinbragado/MMonCa
OKMC: (C) 2011-2014  IMDEA Materials Institute.
OKMC: (C) 2015-2018  Ignacio Martin, Ignacio Dopico.
LKMC: (C) 2011-2014  IMDEA Materials Institute.
LKMC: (C) 2015-2018  Ignacio Martin, Ignacio Dopico
All:  (C) 2019-today Ignacio Martin. imartin2@ucam.edu
 For licensing details, write "license"
------------------------------------------------------------------- param -----
param set type='arrhenius' key='Iron/Chromium/Cr(migration)' value='0 5'
-------------------------------------------------------------------------------

------------------------------------------------------------------- param -----
param set type='arrhenius' key='Iron/Chromium/Cr(formation)' value='1 0'
-------------------------------------------------------------------------------

------------------------------------------------------------------- param -----
param set type='arrhenius' key='Iron/Chromium/CrI(migration)' value='0.80e-4 0.217'
-------------------------------------------------------------------------------

------------------------------------------------------------------- param -----
param set type='arrhenius' key='Iron/Chromium/CrI(formation)' value='0% 10 3.70 100% 10 5.58'
-------------------------------------------------------------------------------

------------------------------------------------------------------- param -----
param set type='arrhenius' key='Iron/Chromium/CrV(migration)' value='0.80e-3 0.65'
-------------------------------------------------------------------------------

------------------------------------------------------------------- param -----
param set type='arrhenius' key='Iron/Chromium/CrV(formation)' value='0% 20 2.12 100% 20 2.55'
-------------------------------------------------------------------------------

------------------------------------------------------------------- param -----
param set type='arrhenius' key='Iron/Carbon/C(migration)' value='1.44e-3 0.91'
-------------------------------------------------------------------------------

------------------------------------------------------------------- param -----
param set type='arrhenius' key='Iron/Carbon/C(formation)' value='1 0'
-------------------------------------------------------------------------------

------------------------------------------------------------------- param -----
param set type='arrhenius' key='Iron/Carbon/CV(migration)' value='0 5'
-------------------------------------------------------------------------------

------------------------------------------------------------------- param -----
param set type='arrhenius' key='Iron/Carbon/CV(formation)' value='1e-3 1.4'
-------------------------------------------------------------------------------

------------------------------------------------------------------- param -----
param set type='map<string,float>' key='Gas_Iron/Carbon/desorption.high' value=' C 0 '
-------------------------------------------------------------------------------

------------------------------------------------------------------- param -----
param set type='map<string,float>' key='Gas_Iron/Carbon/barrier.right' value=' C 0 '
-------------------------------------------------------------------------------

------------------------------------------------------------------- param -----
param set type='arrhenius' key='Iron/Iron/(migration)' value='0 5'
-------------------------------------------------------------------------------

------------------------------------------------------------------- param -----
param set type='arrhenius' key='Iron/Iron/(formation)' value='1 10'
-------------------------------------------------------------------------------

------------------------------------------------------------------- param -----
param set type='arrhenius' key='Iron/Iron/I(migration)' value='0% 1.107e-2 0.30 100% 1.107e-2 0.23'
-------------------------------------------------------------------------------

------------------------------------------------------------------- param -----
param set type='arrhenius' key='Iron/Iron/I(formation)' value='0% 1.0e25 3.64 100% 1.0e25 5.66'
-------------------------------------------------------------------------------

------------------------------------------------------------------- param -----
param set type='float' key='Iron/Iron/correlation.factor' value='1'
-------------------------------------------------------------------------------

------------------------------------------------------------------- param -----
param set type='arrhenius' key='Iron/Iron/alpha' value='5 0.1'
-------------------------------------------------------------------------------

------------------------------------------------------------------- param -----
param set type='arrhenius' key='Iron/Vacancy/V(migration)' value='0% 1.373e-3 0.60 100% 1.373e-3 0.55'
-------------------------------------------------------------------------------

------------------------------------------------------------------- param -----
param set type='arrhenius' key='Iron/Vacancy/V(formation)' value='0% 5.10e24 2.00 100% 5.1e24 2.61'
-------------------------------------------------------------------------------

------------------------------------------------------------------- param -----
param set type='float' key='Iron/Vacancy/correlation.factor' value='0.727'
-------------------------------------------------------------------------------

------------------------------------------------------------------- param -----
param set type='arrhenius' key='Iron/Vacancy/alpha' value='5 0.1'
-------------------------------------------------------------------------------

------------------------------------------------------------------- param -----
param set type='string' key='Iron/ICluster/shape' value='irregular'
-------------------------------------------------------------------------------

------------------------------------------------------------------- param -----
param set type='float' key='Iron/ICluster/density.cm3' value='8.46e22'
-------------------------------------------------------------------------------

------------------------------------------------------------------- param -----
param set type='string' key='Iron/ICluster/migration.type' value='3d'
-------------------------------------------------------------------------------

------------------------------------------------------------------- param -----
param set type='coordinates' key='Iron/ICluster/axis.1' value=' 0 1 0 '
-------------------------------------------------------------------------------

------------------------------------------------------------------- param -----
param set type='coordinates' key='Iron/ICluster/axis.0' value=' 0 0 1 '
-------------------------------------------------------------------------------

------------------------------------------------------------------- param -----
param set type='coordinates' key='Iron/ICluster/not.in.plane' value=' 0 0 0 '
-------------------------------------------------------------------------------

------------------------------------------------------------------- param -----
param set type='float' key='Iron/ICluster/axes.ratio' value='1'
-------------------------------------------------------------------------------

------------------------------------------------------------------- param -----
param set type='bool' key='Iron/ICluster/IV.model' value='false'
-------------------------------------------------------------------------------

------------------------------------------------------------------- param -----
param set type='bool' key='Iron/ICluster/percolation' value='true'
-------------------------------------------------------------------------------

------------------------------------------------------------------- param -----
param set type='float' key='Iron/ICluster/lambda' value='0.287'
-------------------------------------------------------------------------------

------------------------------------------------------------------- param -----
param set type='string' key='Iron/ICluster/to' value='<100>'
-------------------------------------------------------------------------------

------------------------------------------------------------------- param -----
param set type='string' key='Iron/ICluster/from' value='<111>'
-------------------------------------------------------------------------------

------------------------------------------------------------------- param -----
param set type='proc' key='Iron/ICluster/migration' value='  s (...)'
-------------------------------------------------------------------------------

------------------------------------------------------------------- param -----
param set type='proc' key='Iron/ICluster/transform.to' value='    (...)'
-------------------------------------------------------------------------------

------------------------------------------------------------------- param -----
param set type='proc' key='Iron/ICluster/transform.from' value='  s (...)'
-------------------------------------------------------------------------------

------------------------------------------------------------------- param -----
param set type='proc' key='Iron/ICluster/formation' value='  s (...)'
-------------------------------------------------------------------------------

------------------------------------------------------------------- param -----
param set type='proc' key='Iron/ICluster/prefactor' value='  s (...)'
-------------------------------------------------------------------------------

------------------------------------------------------------------- param -----
param set type='string' key='Iron/<111>/shape' value='disk'
-------------------------------------------------------------------------------

------------------------------------------------------------------- param -----
param set type='float' key='Iron/<111>/density.cm2' value='1.95e15'
-------------------------------------------------------------------------------

------------------------------------------------------------------- param -----
param set type='string' key='Iron/<111>/migration.type' value='perpendicular'
-------------------------------------------------------------------------------

------------------------------------------------------------------- param -----
param set type='coordinates' key='Iron/<111>/axis.1' value=' 0 -1 1 '
-------------------------------------------------------------------------------

------------------------------------------------------------------- param -----
param set type='coordinates' key='Iron/<111>/axis.0' value=' 2 -1 -1 '
-------------------------------------------------------------------------------

------------------------------------------------------------------- param -----
param set type='coordinates' key='Iron/<111>/not.in.plane' value=' 0 0 0 '
-------------------------------------------------------------------------------

------------------------------------------------------------------- param -----
param set type='float' key='Iron/<111>/axes.ratio' value='1'
-------------------------------------------------------------------------------

------------------------------------------------------------------- param -----
param set type='bool' key='Iron/<111>/IV.model' value='false'
-------------------------------------------------------------------------------

------------------------------------------------------------------- param -----
param set type='bool' key='Iron/<111>/percolation' value='true'
-------------------------------------------------------------------------------

------------------------------------------------------------------- param -----
param set type='float' key='Iron/<111>/lambda' value='0.287'
-------------------------------------------------------------------------------

------------------------------------------------------------------- param -----
param set type='string' key='Iron/<111>/to' value='<111>'
-------------------------------------------------------------------------------

------------------------------------------------------------------- param -----
param set type='string' key='Iron/<111>/from' value='ICluster'
-------------------------------------------------------------------------------

------------------------------------------------------------------- param -----
param set type='proc' key='Iron/<111>/migration' value='  s (...)'
-------------------------------------------------------------------------------

------------------------------------------------------------------- param -----
param set type='proc' key='Iron/<111>/formation' value='  s (...)'
-------------------------------------------------------------------------------

------------------------------------------------------------------- param -----
param set type='proc' key='Iron/<111>/prefactor' value='    (...)'
-------------------------------------------------------------------------------

------------------------------------------------------------------- param -----
param set type='string' key='Iron/<100>/shape' value='disk'
-------------------------------------------------------------------------------

------------------------------------------------------------------- param -----
param set type='float' key='Iron/<100>/density.cm2' value='1.92e15'
-------------------------------------------------------------------------------

------------------------------------------------------------------- param -----
param set type='string' key='Iron/<100>/migration.type' value='perpendicular'
-------------------------------------------------------------------------------

------------------------------------------------------------------- param -----
param set type='coordinates' key='Iron/<100>/axis.1' value=' 0 1 0 '
-------------------------------------------------------------------------------

------------------------------------------------------------------- param -----
param set type='coordinates' key='Iron/<100>/axis.0' value=' 0 0 1 '
-------------------------------------------------------------------------------

------------------------------------------------------------------- param -----
param set type='coordinates' key='Iron/<100>/not.in.plane' value=' 0 0 0 '
-------------------------------------------------------------------------------

------------------------------------------------------------------- param -----
param set type='float' key='Iron/<100>/axes.ratio' value='1'
-------------------------------------------------------------------------------

------------------------------------------------------------------- param -----
param set type='bool' key='Iron/<100>/IV.model' value='false'
-------------------------------------------------------------------------------

------------------------------------------------------------------- param -----
param set type='bool' key='Iron/<100>/percolation' value='true'
-------------------------------------------------------------------------------

------------------------------------------------------------------- param -----
param set type='float' key='Iron/<100>/lambda' value='0.287'
-------------------------------------------------------------------------------

------------------------------------------------------------------- param -----
param set type='string' key='Iron/<100>/from' value='ICluster'
-------------------------------------------------------------------------------

------------------------------------------------------------------- param -----
param set type='proc' key='Iron/<100>/migration' value='    (...)'
-------------------------------------------------------------------------------

------------------------------------------------------------------- param -----
param set type='proc' key='Iron/<100>/transform.from' value='    (...)'
-------------------------------------------------------------------------------

------------------------------------------------------------------- param -----
param set type='proc' key='Iron/<100>/formation' value='    (...)'
-------------------------------------------------------------------------------

------------------------------------------------------------------- param -----
param set type='proc' key='Iron/<100>/prefactor' value='    (...)'
-------------------------------------------------------------------------------

------------------------------------------------------------------- param -----
param set type='string' key='Iron/VCluster/shape' value='void'
-------------------------------------------------------------------------------

------------------------------------------------------------------- param -----
param set type='float' key='Iron/VCluster/density.cm3' value='8.46e22'
-------------------------------------------------------------------------------

------------------------------------------------------------------- param -----
param set type='string' key='Iron/VCluster/migration.type' value='3d'
-------------------------------------------------------------------------------

------------------------------------------------------------------- param -----
param set type='coordinates' key='Iron/VCluster/axis.1' value=' 0 1 0 '
-------------------------------------------------------------------------------

------------------------------------------------------------------- param -----
param set type='coordinates' key='Iron/VCluster/axis.0' value=' 0 0 1 '
-------------------------------------------------------------------------------

------------------------------------------------------------------- param -----
param set type='coordinates' key='Iron/VCluster/not.in.plane' value=' 0 0 0 '
-------------------------------------------------------------------------------

------------------------------------------------------------------- param -----
param set type='float' key='Iron/VCluster/axes.ratio' value='1'
-------------------------------------------------------------------------------

------------------------------------------------------------------- param -----
param set type='bool' key='Iron/VCluster/IV.model' value='false'
-------------------------------------------------------------------------------

------------------------------------------------------------------- param -----
param set type='bool' key='Iron/VCluster/percolation' value='true'
-------------------------------------------------------------------------------

------------------------------------------------------------------- param -----
param set type='float' key='Iron/VCluster/lambda' value='0.287'
-------------------------------------------------------------------------------

------------------------------------------------------------------- param -----
param set type='proc' key='Iron/VCluster/formation' value='    (...)'
-------------------------------------------------------------------------------

------------------------------------------------------------------- param -----
param set type='proc' key='Iron/VCluster/prefactor' value='    (...)'
-------------------------------------------------------------------------------

------------------------------------------------------------------- param -----
param set type='proc' key='Iron/VCluster/migration' value=' 
	 (...)'
-------------------------------------------------------------------------------

------------------------------------------------------------------- param -----
param set type='string' key='Iron/V<100>/shape' value='disk'
-------------------------------------------------------------------------------

------------------------------------------------------------------- param -----
param set type='float' key='Iron/V<100>/density.cm2' value='0.83e15'
-------------------------------------------------------------------------------

------------------------------------------------------------------- param -----
param set type='string' key='Iron/V<100>/migration.type' value='perpendicular'
-------------------------------------------------------------------------------

------------------------------------------------------------------- param -----
param set type='coordinates' key='Iron/V<100>/axis.1' value=' 0 1 0 '
-------------------------------------------------------------------------------

------------------------------------------------------------------- param -----
param set type='coordinates' key='Iron/V<100>/axis.0' value=' 0 0 1 '
-------------------------------------------------------------------------------

------------------------------------------------------------------- param -----
param set type='coordinates' key='Iron/V<100>/not.in.plane' value=' 1 0 0 '
-------------------------------------------------------------------------------

------------------------------------------------------------------- param -----
param set type='float' key='Iron/V<100>/axes.ratio' value='1'
-------------------------------------------------------------------------------

------------------------------------------------------------------- param -----
param set type='bool' key='Iron/V<100>/IV.model' value='false'
-------------------------------------------------------------------------------

------------------------------------------------------------------- param -----
param set type='bool' key='Iron/V<100>/percolation' value='true'
-------------------------------------------------------------------------------

------------------------------------------------------------------- param -----
param set type='float' key='Iron/V<100>/lambda' value='0.287'
-------------------------------------------------------------------------------

------------------------------------------------------------------- param -----
param set type='string' key='Iron/V<100>/to' value='VCluster'
-------------------------------------------------------------------------------

------------------------------------------------------------------- param -----
param set type='string' key='Iron/V<100>/from' value='V<100>'
-------------------------------------------------------------------------------

------------------------------------------------------------------- param -----
param set type='proc' key='Iron/V<100>/migration' value=' 
  (...)'
-------------------------------------------------------------------------------

------------------------------------------------------------------- param -----
param set type='proc' key='Iron/V<100>/formation' value=' 
	 (...)'
-------------------------------------------------------------------------------

------------------------------------------------------------------- param -----
param set type='proc' key='Iron/V<100>/prefactor' value=' 
	 (...)'
-------------------------------------------------------------------------------

------------------------------------------------------------------- param -----
param set type='bool' key='MC/Mesh/speed.up' value='false'
-------------------------------------------------------------------------------

------------------------------------------------------------------- param -----
param set type='bool' key='Iron/Models/self.diffusion' value='true'
-------------------------------------------------------------------------------

------------------------------------------------------------------- param -----
param set type='float' key='Iron/Models/smoothing.factor' value='1'
-------------------------------------------------------------------------------

------------------------------------------------------------------- param -----
param set type='float' key='Iron/Models/alloy.second.neighbor.contribution' value='0.5'
-------------------------------------------------------------------------------

------------------------------------------------------------------- param -----
param get type='float' key='MC/Mesh/spacing.x'
-------------------------------------------------------------------------------

------------------------------------------------------------------- param -----
param get type='float' key='MC/Mesh/spacing.y'
-------------------------------------------------------------------------------

------------------------------------------------------------------- param -----
param get type='float' key='MC/Mesh/spacing.z'
-------------------------------------------------------------------------------

------------------------------------------------------------------- param -----
param get type='float' key='Iron/Models/atomic.density'
-------------------------------------------------------------------------------

